#
# There is insufficient memory for the Java Runtime Environment to continue.
# Native memory allocation (mmap) failed to map 54001664 bytes for committing reserved memory.
# Possible reasons:
#   The system is out of physical RAM or swap space
#   In 32 bit mode, the process size limit was hit
# Possible solutions:
#   Reduce memory load on the system
#   Increase physical memory or swap space
#   Check if swap backing store is full
#   Use 64 bit Java on a 64 bit OS
#   Decrease Java heap size (-Xmx/-Xms)
#   Decrease number of Java threads
#   Decrease Java thread stack sizes (-Xss)
#   Set larger code cache with -XX:ReservedCodeCacheSize=
# This output file may be truncated or incomplete.
#
#  Out of Memory Error (os_linux.cpp:2643), pid=20235, tid=0x00007fc8d2fff700
#
# JRE version: OpenJDK Runtime Environment (8.0_151-b12) (build 1.8.0_151-8u151-b12-0ubuntu0.16.04.2-b12)
# Java VM: OpenJDK 64-Bit Server VM (25.151-b12 mixed mode linux-amd64 compressed oops)
# Failed to write core dump. Core dumps have been disabled. To enable core dumping, try "ulimit -c unlimited" before starting Java again
#

---------------  T H R E A D  ---------------

Current thread (0x00007fc8e4073800):  VMThread [stack: 0x00007fc8d2eff000,0x00007fc8d3000000] [id=20242]

Stack: [0x00007fc8d2eff000,0x00007fc8d3000000],  sp=0x00007fc8d2ffe4c0,  free space=1021k
Native frames: (J=compiled Java code, j=interpreted, Vv=VM code, C=native code)
V  [libjvm.so+0xa684eb]
V  [libjvm.so+0x4c579c]
V  [libjvm.so+0x8b6b50]
V  [libjvm.so+0x8b0fce]
V  [libjvm.so+0x92b806]
V  [libjvm.so+0x92cb33]
V  [libjvm.so+0x9291fb]
V  [libjvm.so+0x9294ac]
V  [libjvm.so+0x8db3c3]
V  [libjvm.so+0xa6a192]
V  [libjvm.so+0xa6f277]
V  [libjvm.so+0xa6ca47]
V  [libjvm.so+0xa6decf]
V  [libjvm.so+0xa6e3c1]
V  [libjvm.so+0x8b4032]

VM_Operation (0x00007fc8d1306d60): ParallelGCFailedAllocation, mode: safepoint, requested by thread 0x00007fc89c005800


---------------  P R O C E S S  ---------------

Java Threads: ( => current thread )
  0x00007fc89019d000 JavaThread "Cache worker for file content cache (/home/vagrant/calculator/.gradle/3.5.1/fileContent)" [_thread_blocked, id=26501, stack(0x00007fc8a84fc000,0x00007fc8a85fd000)]
  0x00007fc890021800 JavaThread "Cache worker for task history cache (/home/vagrant/calculator/.gradle/3.5.1/taskHistory)" [_thread_blocked, id=26500, stack(0x00007fc8a89fd000,0x00007fc8a8afe000)]
  0x00007fc89001f000 JavaThread "Stdin handler" [_thread_blocked, id=26497, stack(0x00007fc8d0e06000,0x00007fc8d0f07000)]
  0x00007fc890b97800 JavaThread "Asynchronous log dispatcher for DefaultDaemonConnection: socket connection from /0:0:0:0:0:0:0:1:39110 to /0:0:0:0:0:0:0:1:39052" [_thread_blocked, id=26496, stack(0x00007fc8d0f07000,0x00007fc8d1008000)]
  0x00007fc89c005800 JavaThread "Daemon worker Thread 3" [_thread_blocked, id=26495, stack(0x00007fc8d120a000,0x00007fc8d130b000)]
  0x00007fc89c007000 JavaThread "Cancel handler" [_thread_blocked, id=26494, stack(0x00007fc8d1008000,0x00007fc8d1109000)]
  0x00007fc89c008800 JavaThread "Handler for socket connection from /0:0:0:0:0:0:0:1:39110 to /0:0:0:0:0:0:0:1:39052" [_thread_in_native, id=26493, stack(0x00007fc8d1109000,0x00007fc8d120a000)]
  0x00007fc8a004d000 JavaThread "Daemon Thread 3" [_thread_blocked, id=26492, stack(0x00007fc8d130b000,0x00007fc8d140c000)]
  0x00007fc890b8a000 JavaThread "Memory manager" [_thread_blocked, id=20263, stack(0x00007fc8a8afe000,0x00007fc8a8bff000)]
  0x00007fc890950800 JavaThread "Cache worker for Artifact transforms cache (/home/vagrant/.gradle/caches/transforms-1)" [_thread_blocked, id=20262, stack(0x00007fc8d004c000,0x00007fc8d014d000)]
  0x00007fc8900f6800 JavaThread "File lock request listener" [_thread_in_native, id=20261, stack(0x00007fc8d0a04000,0x00007fc8d0b05000)]
  0x00007fc890101000 JavaThread "Cache worker for file hash cache (/home/vagrant/.gradle/caches/3.5.1/fileHashes)" [_thread_blocked, id=20260, stack(0x00007fc8d0b05000,0x00007fc8d0c06000)]
  0x00007fc8e4d60000 JavaThread "Daemon periodic checks" [_thread_blocked, id=20251, stack(0x00007fc8d140c000,0x00007fc8d150d000)]
  0x00007fc8e4d28800 JavaThread "Incoming local TCP Connector on port 39110" [_thread_in_native, id=20250, stack(0x00007fc8d1714000,0x00007fc8d1815000)]
  0x00007fc8e40ae800 JavaThread "Service Thread" daemon [_thread_blocked, id=20248, stack(0x00007fc8d2761000,0x00007fc8d2862000)]
  0x00007fc8e40ab800 JavaThread "C1 CompilerThread1" daemon [_thread_blocked, id=20247, stack(0x00007fc8d2862000,0x00007fc8d2963000)]
  0x00007fc8e40a9000 JavaThread "C2 CompilerThread0" daemon [_thread_blocked, id=20246, stack(0x00007fc8d2963000,0x00007fc8d2a64000)]
  0x00007fc8e40a6800 JavaThread "Signal Dispatcher" daemon [_thread_blocked, id=20245, stack(0x00007fc8d2a64000,0x00007fc8d2b65000)]
  0x00007fc8e407f800 JavaThread "Finalizer" daemon [_thread_blocked, id=20244, stack(0x00007fc8d2cfd000,0x00007fc8d2dfe000)]
  0x00007fc8e407b000 JavaThread "Reference Handler" daemon [_thread_blocked, id=20243, stack(0x00007fc8d2dfe000,0x00007fc8d2eff000)]
  0x00007fc8e400a000 JavaThread "main" [_thread_blocked, id=20236, stack(0x00007fc8ed545000,0x00007fc8ed646000)]

Other Threads:
=>0x00007fc8e4073800 VMThread [stack: 0x00007fc8d2eff000,0x00007fc8d3000000] [id=20242]
  0x00007fc8e40b5800 WatcherThread [stack: 0x00007fc8d2660000,0x00007fc8d2761000] [id=20249]

VM state:at safepoint (normal execution)

VM Mutex/Monitor currently owned by a thread:  ([mutex/lock_event])
[0x00007fc8e4006520] Threads_lock - owner thread: 0x00007fc8e4073800
[0x00007fc8e4006a20] Heap_lock - owner thread: 0x00007fc89c005800

Heap:
 PSYoungGen      total 217600K, used 9943K [0x00000000eab00000, 0x00000000f8f00000, 0x0000000100000000)
  eden space 203264K, 0% used [0x00000000eab00000,0x00000000eab00000,0x00000000f7180000)
  from space 14336K, 69% used [0x00000000f7300000,0x00000000f7cb5dd0,0x00000000f8100000)
  to   space 11264K, 0% used [0x00000000f8400000,0x00000000f8400000,0x00000000f8f00000)
 ParOldGen       total 39936K, used 17045K [0x00000000c0000000, 0x00000000c2700000, 0x00000000eab00000)
  object space 39936K, 42% used [0x00000000c0000000,0x00000000c10a54a8,0x00000000c2700000)
 Metaspace       used 40658K, capacity 41432K, committed 41560K, reserved 1085440K
  class space    used 5455K, capacity 5691K, committed 5760K, reserved 1048576K

Card table byte_map: [0x00007fc8e99ea000,0x00007fc8e9beb000] byte_map_base: 0x00007fc8e93ea000

Marking Bits: (ParMarkBitMap*) 0x00007fc8ec7fe2c0
 Begin Bits: [0x00007fc8d3000000, 0x00007fc8d4000000)
 End Bits:   [0x00007fc8d4000000, 0x00007fc8d5000000)

Polling page: 0x00007fc8ed651000

CodeCache: size=245760Kb used=18280Kb max_used=18294Kb free=227479Kb
 bounds [0x00007fc8d5000000, 0x00007fc8d6200000, 0x00007fc8e4000000]
 total_blobs=6417 nmethods=5713 adapters=617
 compilation: enabled

Compilation events (10 events):
Event: 1934.054 Thread 0x00007fc8e40ab800 6703       3       java.util.zip.ZipInputStream::read (304 bytes)
Event: 1934.074 Thread 0x00007fc8e40ab800 nmethod 6703 0x00007fc8d61f2310 code [0x00007fc8d61f2660, 0x00007fc8d61f3d98]
Event: 1934.074 Thread 0x00007fc8e40ab800 6707       3       org.objectweb.asm.ByteVector::putByteArray (49 bytes)
Event: 1934.074 Thread 0x00007fc8e40ab800 nmethod 6707 0x00007fc8d61eed50 code [0x00007fc8d61eeee0, 0x00007fc8d61ef1f8]
Event: 1934.074 Thread 0x00007fc8e40ab800 6706       3       org.objectweb.asm.MethodVisitor::visitTypeInsn (17 bytes)
Event: 1934.075 Thread 0x00007fc8e40ab800 nmethod 6706 0x00007fc8d61e7310 code [0x00007fc8d61e7480, 0x00007fc8d61e76e8]
Event: 1934.075 Thread 0x00007fc8e40ab800 6705       3       org.objectweb.asm.FieldVisitor::<init> (35 bytes)
Event: 1934.075 Thread 0x00007fc8e40ab800 nmethod 6705 0x00007fc8d61f0850 code [0x00007fc8d61f09e0, 0x00007fc8d61f0ce8]
Event: 1934.084 Thread 0x00007fc8e40a9000 nmethod 6701 0x00007fc8d61f6bd0 code [0x00007fc8d61f6e80, 0x00007fc8d61f79f8]
Event: 1934.084 Thread 0x00007fc8e40a9000 6704       4       org.gradle.api.internal.tasks.compile.ApiMemberSelector::visitAnnotationMembers (90 bytes)

GC Heap History (10 events):
Event: 6.242 GC heap after
Heap after GC invocations=10 (full 1):
 PSYoungGen      total 142336K, used 8183K [0x00000000eab00000, 0x00000000f5a00000, 0x0000000100000000)
  eden space 134144K, 0% used [0x00000000eab00000,0x00000000eab00000,0x00000000f2e00000)
  from space 8192K, 99% used [0x00000000f2e00000,0x00000000f35fdd30,0x00000000f3600000)
  to   space 11264K, 0% used [0x00000000f4f00000,0x00000000f4f00000,0x00000000f5a00000)
 ParOldGen       total 27136K, used 15765K [0x00000000c0000000, 0x00000000c1a80000, 0x00000000eab00000)
  object space 27136K, 58% used [0x00000000c0000000,0x00000000c0f65518,0x00000000c1a80000)
 Metaspace       used 32469K, capacity 32956K, committed 33280K, reserved 1077248K
  class space    used 4602K, capacity 4759K, committed 4864K, reserved 1048576K
}
Event: 8.243 GC heap before
{Heap before GC invocations=11 (full 1):
 PSYoungGen      total 142336K, used 142327K [0x00000000eab00000, 0x00000000f5a00000, 0x0000000100000000)
  eden space 134144K, 100% used [0x00000000eab00000,0x00000000f2e00000,0x00000000f2e00000)
  from space 8192K, 99% used [0x00000000f2e00000,0x00000000f35fdd30,0x00000000f3600000)
  to   space 11264K, 0% used [0x00000000f4f00000,0x00000000f4f00000,0x00000000f5a00000)
 ParOldGen       total 27136K, used 15765K [0x00000000c0000000, 0x00000000c1a80000, 0x00000000eab00000)
  object space 27136K, 58% used [0x00000000c0000000,0x00000000c0f65518,0x00000000c1a80000)
 Metaspace       used 34532K, capacity 35126K, committed 35416K, reserved 1079296K
  class space    used 4785K, capacity 4934K, committed 4992K, reserved 1048576K
Event: 8.273 GC heap after
Heap after GC invocations=11 (full 1):
 PSYoungGen      total 166912K, used 9554K [0x00000000eab00000, 0x00000000f7480000, 0x0000000100000000)
  eden space 155648K, 0% used [0x00000000eab00000,0x00000000eab00000,0x00000000f4300000)
  from space 11264K, 84% used [0x00000000f4f00000,0x00000000f5854bc8,0x00000000f5a00000)
  to   space 12288K, 0% used [0x00000000f4300000,0x00000000f4300000,0x00000000f4f00000)
 ParOldGen       total 27136K, used 18414K [0x00000000c0000000, 0x00000000c1a80000, 0x00000000eab00000)
  object space 27136K, 67% used [0x00000000c0000000,0x00000000c11fb828,0x00000000c1a80000)
 Metaspace       used 34532K, capacity 35126K, committed 35416K, reserved 1079296K
  class space    used 4785K, capacity 4934K, committed 4992K, reserved 1048576K
}
Event: 9.022 GC heap before
{Heap before GC invocations=12 (full 1):
 PSYoungGen      total 166912K, used 165202K [0x00000000eab00000, 0x00000000f7480000, 0x0000000100000000)
  eden space 155648K, 100% used [0x00000000eab00000,0x00000000f4300000,0x00000000f4300000)
  from space 11264K, 84% used [0x00000000f4f00000,0x00000000f5854bc8,0x00000000f5a00000)
  to   space 12288K, 0% used [0x00000000f4300000,0x00000000f4300000,0x00000000f4f00000)
 ParOldGen       total 27136K, used 18414K [0x00000000c0000000, 0x00000000c1a80000, 0x00000000eab00000)
  object space 27136K, 67% used [0x00000000c0000000,0x00000000c11fb828,0x00000000c1a80000)
 Metaspace       used 34602K, capacity 35190K, committed 35416K, reserved 1079296K
  class space    used 4787K, capacity 4934K, committed 4992K, reserved 1048576K
Event: 9.045 GC heap after
Heap after GC invocations=12 (full 1):
 PSYoungGen      total 167936K, used 128K [0x00000000eab00000, 0x00000000f9000000, 0x0000000100000000)
  eden space 155648K, 0% used [0x00000000eab00000,0x00000000eab00000,0x00000000f4300000)
  from space 12288K, 1% used [0x00000000f4300000,0x00000000f4320000,0x00000000f4f00000)
  to   space 12288K, 0% used [0x00000000f8400000,0x00000000f8400000,0x00000000f9000000)
 ParOldGen       total 27136K, used 26337K [0x00000000c0000000, 0x00000000c1a80000, 0x00000000eab00000)
  object space 27136K, 97% used [0x00000000c0000000,0x00000000c19b86f8,0x00000000c1a80000)
 Metaspace       used 34602K, capacity 35190K, committed 35416K, reserved 1079296K
  class space    used 4787K, capacity 4934K, committed 4992K, reserved 1048576K
}
Event: 9.049 GC heap before
{Heap before GC invocations=13 (full 2):
 PSYoungGen      total 167936K, used 128K [0x00000000eab00000, 0x00000000f9000000, 0x0000000100000000)
  eden space 155648K, 0% used [0x00000000eab00000,0x00000000eab00000,0x00000000f4300000)
  from space 12288K, 1% used [0x00000000f4300000,0x00000000f4320000,0x00000000f4f00000)
  to   space 12288K, 0% used [0x00000000f8400000,0x00000000f8400000,0x00000000f9000000)
 ParOldGen       total 27136K, used 26337K [0x00000000c0000000, 0x00000000c1a80000, 0x00000000eab00000)
  object space 27136K, 97% used [0x00000000c0000000,0x00000000c19b86f8,0x00000000c1a80000)
 Metaspace       used 34602K, capacity 35190K, committed 35416K, reserved 1079296K
  class space    used 4787K, capacity 4934K, committed 4992K, reserved 1048576K
Event: 9.196 GC heap after
Heap after GC invocations=13 (full 2):
 PSYoungGen      total 167936K, used 0K [0x00000000eab00000, 0x00000000f9000000, 0x0000000100000000)
  eden space 155648K, 0% used [0x00000000eab00000,0x00000000eab00000,0x00000000f4300000)
  from space 12288K, 0% used [0x00000000f4300000,0x00000000f4300000,0x00000000f4f00000)
  to   space 12288K, 0% used [0x00000000f8400000,0x00000000f8400000,0x00000000f9000000)
 ParOldGen       total 39936K, used 16765K [0x00000000c0000000, 0x00000000c2700000, 0x00000000eab00000)
  object space 39936K, 41% used [0x00000000c0000000,0x00000000c105f4a8,0x00000000c2700000)
 Metaspace       used 34602K, capacity 35190K, committed 35416K, reserved 1079296K
  class space    used 4787K, capacity 4934K, committed 4992K, reserved 1048576K
}
Event: 963.819 GC heap before
{Heap before GC invocations=14 (full 2):
 PSYoungGen      total 167936K, used 155648K [0x00000000eab00000, 0x00000000f9000000, 0x0000000100000000)
  eden space 155648K, 100% used [0x00000000eab00000,0x00000000f4300000,0x00000000f4300000)
  from space 12288K, 0% used [0x00000000f4300000,0x00000000f4300000,0x00000000f4f00000)
  to   space 12288K, 0% used [0x00000000f8400000,0x00000000f8400000,0x00000000f9000000)
 ParOldGen       total 39936K, used 16765K [0x00000000c0000000, 0x00000000c2700000, 0x00000000eab00000)
  object space 39936K, 41% used [0x00000000c0000000,0x00000000c105f4a8,0x00000000c2700000)
 Metaspace       used 35846K, capacity 36462K, committed 36568K, reserved 1081344K
  class space    used 4879K, capacity 5066K, committed 5120K, reserved 1048576K
Event: 963.903 GC heap after
Heap after GC invocations=14 (full 2):
 PSYoungGen      total 214528K, used 11232K [0x00000000eab00000, 0x00000000f8f00000, 0x0000000100000000)
  eden space 203264K, 0% used [0x00000000eab00000,0x00000000eab00000,0x00000000f7180000)
  from space 11264K, 99% used [0x00000000f8400000,0x00000000f8ef8010,0x00000000f8f00000)
  to   space 14336K, 0% used [0x00000000f7300000,0x00000000f7300000,0x00000000f8100000)
 ParOldGen       total 39936K, used 16773K [0x00000000c0000000, 0x00000000c2700000, 0x00000000eab00000)
  object space 39936K, 42% used [0x00000000c0000000,0x00000000c10614a8,0x00000000c2700000)
 Metaspace       used 35846K, capacity 36462K, committed 36568K, reserved 1081344K
  class space    used 4879K, capacity 5066K, committed 5120K, reserved 1048576K
}
Event: 1934.090 GC heap before
{Heap before GC invocations=15 (full 2):
 PSYoungGen      total 214528K, used 214496K [0x00000000eab00000, 0x00000000f8f00000, 0x0000000100000000)
  eden space 203264K, 100% used [0x00000000eab00000,0x00000000f7180000,0x00000000f7180000)
  from space 11264K, 99% used [0x00000000f8400000,0x00000000f8ef8010,0x00000000f8f00000)
  to   space 14336K, 0% used [0x00000000f7300000,0x00000000f7300000,0x00000000f8100000)
 ParOldGen       total 39936K, used 16773K [0x00000000c0000000, 0x00000000c2700000, 0x00000000eab00000)
  object space 39936K, 42% used [0x00000000c0000000,0x00000000c10614a8,0x00000000c2700000)
 Metaspace       used 40658K, capacity 41432K, committed 41560K, reserved 1085440K
  class space    used 5455K, capacity 5691K, committed 5760K, reserved 1048576K

Deoptimization events (10 events):
Event: 1835.767 Thread 0x00007fc89c005800 Uncommon trap: reason=unstable_if action=reinterpret pc=0x00007fc8d51199ec method=org.objectweb.asm.MethodWriter.a()I @ 748
Event: 1835.772 Thread 0x00007fc89c005800 Uncommon trap: reason=unstable_if action=reinterpret pc=0x00007fc8d5e0df30 method=org.objectweb.asm.MethodWriter.a(Lorg/objectweb/asm/ByteVector;)V @ 237
Event: 1880.023 Thread 0x00007fc89c005800 Uncommon trap: reason=array_check action=maybe_recompile pc=0x00007fc8d61c9438 method=com.google.common.collect.SingletonImmutableList.copyIntoArray([Ljava/lang/Object;I)I @ 6
Event: 1891.868 Thread 0x00007fc89c005800 Uncommon trap: reason=array_check action=maybe_recompile pc=0x00007fc8d61c9438 method=com.google.common.collect.SingletonImmutableList.copyIntoArray([Ljava/lang/Object;I)I @ 6
Event: 1906.591 Thread 0x00007fc89c005800 Uncommon trap: reason=array_check action=maybe_recompile pc=0x00007fc8d61c9438 method=com.google.common.collect.SingletonImmutableList.copyIntoArray([Ljava/lang/Object;I)I @ 6
Event: 1911.528 Thread 0x00007fc89c005800 Uncommon trap: reason=array_check action=maybe_recompile pc=0x00007fc8d61c9438 method=com.google.common.collect.SingletonImmutableList.copyIntoArray([Ljava/lang/Object;I)I @ 6
Event: 1933.989 Thread 0x00007fc89c005800 Uncommon trap: reason=class_check action=maybe_recompile pc=0x00007fc8d61ecb88 method=com.google.common.collect.ComparisonChain$1.compare(Ljava/lang/Comparable;Ljava/lang/Comparable;)Lcom/google/common/collect/ComparisonChain; @ 3
Event: 1933.990 Thread 0x00007fc89c005800 Uncommon trap: reason=class_check action=maybe_recompile pc=0x00007fc8d61ecb88 method=com.google.common.collect.ComparisonChain$1.compare(Ljava/lang/Comparable;Ljava/lang/Comparable;)Lcom/google/common/collect/ComparisonChain; @ 3
Event: 1933.990 Thread 0x00007fc89c005800 Uncommon trap: reason=class_check action=maybe_recompile pc=0x00007fc8d61ecb88 method=com.google.common.collect.ComparisonChain$1.compare(Ljava/lang/Comparable;Ljava/lang/Comparable;)Lcom/google/common/collect/ComparisonChain; @ 3
Event: 1933.992 Thread 0x00007fc89c005800 Uncommon trap: reason=class_check action=maybe_recompile pc=0x00007fc8d61ecb88 method=com.google.common.collect.ComparisonChain$1.compare(Ljava/lang/Comparable;Ljava/lang/Comparable;)Lcom/google/common/collect/ComparisonChain; @ 3

Internal exceptions (10 events):
Event: 1885.497 Thread 0x00007fc890b8a000 Exception <a 'java/io/IOException'> (0x00000000f60bb968) thrown at [/build/openjdk-8-W2Qe27/openjdk-8-8u151-b12/src/hotspot/src/share/vm/prims/jni.cpp, line 709]
Event: 1890.965 Thread 0x00007fc890b8a000 Exception <a 'java/io/IOException'> (0x00000000f60c3ea0) thrown at [/build/openjdk-8-W2Qe27/openjdk-8-8u151-b12/src/hotspot/src/share/vm/prims/jni.cpp, line 709]
Event: 1895.460 Thread 0x00007fc890b8a000 Exception <a 'java/io/IOException'> (0x00000000f60cc3d8) thrown at [/build/openjdk-8-W2Qe27/openjdk-8-8u151-b12/src/hotspot/src/share/vm/prims/jni.cpp, line 709]
Event: 1905.468 Thread 0x00007fc890b8a000 Exception <a 'java/io/IOException'> (0x00000000f60d4910) thrown at [/build/openjdk-8-W2Qe27/openjdk-8-8u151-b12/src/hotspot/src/share/vm/prims/jni.cpp, line 709]
Event: 1907.808 Thread 0x00007fc890b8a000 Exception <a 'java/io/IOException'> (0x00000000f63d72c0) thrown at [/build/openjdk-8-W2Qe27/openjdk-8-8u151-b12/src/hotspot/src/share/vm/prims/jni.cpp, line 709]
Event: 1912.034 Thread 0x00007fc890b8a000 Exception <a 'java/io/IOException'> (0x00000000f63df7f8) thrown at [/build/openjdk-8-W2Qe27/openjdk-8-8u151-b12/src/hotspot/src/share/vm/prims/jni.cpp, line 709]
Event: 1915.911 Thread 0x00007fc890b8a000 Exception <a 'java/io/IOException'> (0x00000000f63e7d30) thrown at [/build/openjdk-8-W2Qe27/openjdk-8-8u151-b12/src/hotspot/src/share/vm/prims/jni.cpp, line 709]
Event: 1919.922 Thread 0x00007fc890b8a000 Exception <a 'java/io/IOException'> (0x00000000f63f0268) thrown at [/build/openjdk-8-W2Qe27/openjdk-8-8u151-b12/src/hotspot/src/share/vm/prims/jni.cpp, line 709]
Event: 1925.088 Thread 0x00007fc890b8a000 Exception <a 'java/io/IOException'> (0x00000000f63f8848) thrown at [/build/openjdk-8-W2Qe27/openjdk-8-8u151-b12/src/hotspot/src/share/vm/prims/jni.cpp, line 709]
Event: 1929.825 Thread 0x00007fc890b8a000 Exception <a 'java/io/IOException'> (0x00000000f6400e28) thrown at [/build/openjdk-8-W2Qe27/openjdk-8-8u151-b12/src/hotspot/src/share/vm/prims/jni.cpp, line 709]

Events (10 events):
Event: 1933.990 Thread 0x00007fc89c005800 Uncommon trap: trap_request=0xffffffde fr.pc=0x00007fc8d61ecb88
Event: 1933.990 Thread 0x00007fc89c005800 DEOPT PACKING pc=0x00007fc8d61ecb88 sp=0x00007fc8d13069a0
Event: 1933.990 Thread 0x00007fc89c005800 DEOPT UNPACKING pc=0x00007fc8d5004f69 sp=0x00007fc8d1306940 mode 2
Event: 1933.990 Thread 0x00007fc89c005800 Uncommon trap: trap_request=0xffffffde fr.pc=0x00007fc8d61ecb88
Event: 1933.990 Thread 0x00007fc89c005800 DEOPT PACKING pc=0x00007fc8d61ecb88 sp=0x00007fc8d13069a0
Event: 1933.990 Thread 0x00007fc89c005800 DEOPT UNPACKING pc=0x00007fc8d5004f69 sp=0x00007fc8d1306940 mode 2
Event: 1933.992 Thread 0x00007fc89c005800 Uncommon trap: trap_request=0xffffffde fr.pc=0x00007fc8d61ecb88
Event: 1933.992 Thread 0x00007fc89c005800 DEOPT PACKING pc=0x00007fc8d61ecb88 sp=0x00007fc8d13069b0
Event: 1933.992 Thread 0x00007fc89c005800 DEOPT UNPACKING pc=0x00007fc8d5004f69 sp=0x00007fc8d1306950 mode 2
Event: 1934.089 Executing VM operation: ParallelGCFailedAllocation


Dynamic libraries:
00400000-00401000 r-xp 00000000 08:01 261763                             /usr/lib/jvm/java-8-openjdk-amd64/jre/bin/java
00600000-00601000 r--p 00000000 08:01 261763                             /usr/lib/jvm/java-8-openjdk-amd64/jre/bin/java
00601000-00602000 rw-p 00001000 08:01 261763                             /usr/lib/jvm/java-8-openjdk-amd64/jre/bin/java
0154e000-0156f000 rw-p 00000000 00:00 0                                  [heap]
c0000000-c2700000 rw-p 00000000 00:00 0 
c2700000-eab00000 ---p 00000000 00:00 0 
eab00000-f8f00000 rw-p 00000000 00:00 0 
fc280000-100000000 ---p 00000000 00:00 0 
100000000-1005a0000 rw-p 00000000 00:00 0 
1005a0000-140000000 ---p 00000000 00:00 0 
7fc890000000-7fc890bee000 rw-p 00000000 00:00 0 
7fc890bee000-7fc894000000 ---p 00000000 00:00 0 
7fc897c00000-7fc897d00000 rw-p 00000000 00:00 0 
7fc897d00000-7fc897e00000 ---p 00000000 00:00 0 
7fc897e00000-7fc898000000 rw-p 00000000 00:00 0 
7fc898000000-7fc898021000 rw-p 00000000 00:00 0 
7fc898021000-7fc89c000000 ---p 00000000 00:00 0 
7fc89c000000-7fc89c021000 rw-p 00000000 00:00 0 
7fc89c021000-7fc8a0000000 ---p 00000000 00:00 0 
7fc8a0000000-7fc8a0074000 rw-p 00000000 00:00 0 
7fc8a0074000-7fc8a4000000 ---p 00000000 00:00 0 
7fc8a4000000-7fc8a4021000 rw-p 00000000 00:00 0 
7fc8a4021000-7fc8a8000000 ---p 00000000 00:00 0 
7fc8a80fc000-7fc8a82fc000 rw-p 00000000 00:00 0 
7fc8a82fc000-7fc8a84f2000 rw-p 00000000 00:00 0 
7fc8a84f2000-7fc8a84fc000 ---p 00000000 00:00 0 
7fc8a84fc000-7fc8a84ff000 ---p 00000000 00:00 0 
7fc8a84ff000-7fc8a87fd000 rw-p 00000000 00:00 0 
7fc8a87fd000-7fc8a89fd000 rw-p 00000000 00:00 0 
7fc8a89fd000-7fc8a8a00000 ---p 00000000 00:00 0 
7fc8a8a00000-7fc8a8afe000 rw-p 00000000 00:00 0 
7fc8a8afe000-7fc8a8b01000 ---p 00000000 00:00 0 
7fc8a8b01000-7fc8a8dff000 rw-p 00000000 00:00 0 
7fc8a8dff000-7fc8a8fff000 rw-p 00000000 00:00 0 
7fc8a8fff000-7fc8ac000000 rw-p 00000000 00:00 0 
7fc8ac000000-7fc8acc42000 rw-p 00000000 00:00 0 
7fc8acc42000-7fc8b0000000 ---p 00000000 00:00 0 
7fc8b0000000-7fc8b0021000 rw-p 00000000 00:00 0 
7fc8b0021000-7fc8b4000000 ---p 00000000 00:00 0 
7fc8b4000000-7fc8b4021000 rw-p 00000000 00:00 0 
7fc8b4021000-7fc8b8000000 ---p 00000000 00:00 0 
7fc8b8000000-7fc8ba028000 rw-p 00000000 00:00 0 
7fc8ba028000-7fc8bc000000 ---p 00000000 00:00 0 
7fc8bc000000-7fc8bc2c2000 rw-p 00000000 00:00 0 
7fc8bc2c2000-7fc8c0000000 ---p 00000000 00:00 0 
7fc8c0000000-7fc8c0021000 rw-p 00000000 00:00 0 
7fc8c0021000-7fc8c4000000 ---p 00000000 00:00 0 
7fc8c4000000-7fc8c4037000 rw-p 00000000 00:00 0 
7fc8c4037000-7fc8c8000000 ---p 00000000 00:00 0 
7fc8c8000000-7fc8c802c000 rw-p 00000000 00:00 0 
7fc8c802c000-7fc8cc000000 ---p 00000000 00:00 0 
7fc8cc000000-7fc8cc045000 rw-p 00000000 00:00 0 
7fc8cc045000-7fc8d0000000 ---p 00000000 00:00 0 
7fc8d004c000-7fc8d004f000 ---p 00000000 00:00 0 
7fc8d004f000-7fc8d034d000 rw-p 00000000 00:00 0 
7fc8d034d000-7fc8d054d000 rw-p 00000000 00:00 0 
7fc8d055f000-7fc8d05d8000 r--s 010fe000 08:01 300568                     /usr/lib/jvm/java-8-openjdk-amd64/lib/tools.jar
7fc8d05d8000-7fc8d05da000 r--s 0000e000 08:01 58494                      /home/vagrant/.gradle/caches/modules-2/files-2.1/commons-logging/commons-logging/1.2/4bfc12adfe4842bf07b657f0369c4cb522955686/commons-logging-1.2.jar
7fc8d05da000-7fc8d05f1000 r--s 000fc000 08:01 58493                      /home/vagrant/.gradle/caches/modules-2/files-2.1/org.springframework/spring-core/4.3.13.RELEASE/eea18d7f4d01f1baa1b6728b678b5a6fe23c61f6/spring-core-4.3.13.RELEASE.jar
7fc8d05f1000-7fc8d0600000 r--s 0009e000 08:01 58492                      /home/vagrant/.gradle/caches/modules-2/files-2.1/io.spring.gradle/dependency-management-plugin/1.0.3.RELEASE/c7fc988680e19cef9bf91de0c39b891e4c8dca2d/dependency-management-plugin-1.0.3.RELEASE.jar
7fc8d0600000-7fc8d0602000 r--s 00023000 08:01 58488                      /home/vagrant/.gradle/caches/modules-2/files-2.1/org.springframework.boot/spring-boot-loader-tools/1.5.9.RELEASE/5ce69eaa5709ccff5b4db4a85abfae16affa107a/spring-boot-loader-tools-1.5.9.RELEASE.jar
7fc8d0602000-7fc8d0604000 r--s 0000b000 08:01 58487                      /home/vagrant/.gradle/caches/modules-2/files-2.1/org.springframework.boot/spring-boot-gradle-plugin/1.5.9.RELEASE/4f3d6d5164784c51959db58bfc438c7ee44e0c5c/spring-boot-gradle-plugin-1.5.9.RELEASE.jar
7fc8d0604000-7fc8d0804000 rw-p 00000000 00:00 0 
7fc8d0804000-7fc8d0a04000 rw-p 00000000 00:00 0 
7fc8d0a04000-7fc8d0a07000 ---p 00000000 00:00 0 
7fc8d0a07000-7fc8d0b05000 rw-p 00000000 00:00 0 
7fc8d0b05000-7fc8d0b08000 ---p 00000000 00:00 0 
7fc8d0b08000-7fc8d0e06000 rw-p 00000000 00:00 0 
7fc8d0e06000-7fc8d0e09000 ---p 00000000 00:00 0 
7fc8d0e09000-7fc8d0f07000 rw-p 00000000 00:00 0 
7fc8d0f07000-7fc8d0f0a000 ---p 00000000 00:00 0 
7fc8d0f0a000-7fc8d1008000 rw-p 00000000 00:00 0 
7fc8d1008000-7fc8d100b000 ---p 00000000 00:00 0 
7fc8d100b000-7fc8d1109000 rw-p 00000000 00:00 0 
7fc8d1109000-7fc8d110c000 ---p 00000000 00:00 0 
7fc8d110c000-7fc8d120a000 rw-p 00000000 00:00 0 
7fc8d120a000-7fc8d120d000 ---p 00000000 00:00 0 
7fc8d120d000-7fc8d130b000 rw-p 00000000 00:00 0 
7fc8d130b000-7fc8d130e000 ---p 00000000 00:00 0 
7fc8d130e000-7fc8d140c000 rw-p 00000000 00:00 0 
7fc8d140c000-7fc8d140f000 ---p 00000000 00:00 0 
7fc8d140f000-7fc8d150d000 rw-p 00000000 00:00 0 
7fc8d150d000-7fc8d1514000 r--s 00000000 08:01 24840                      /usr/lib/x86_64-linux-gnu/gconv/gconv-modules.cache
7fc8d1514000-7fc8d1714000 rw-p 00000000 00:00 0 
7fc8d1714000-7fc8d1717000 ---p 00000000 00:00 0 
7fc8d1717000-7fc8d1815000 rw-p 00000000 00:00 0 
7fc8d1815000-7fc8d181e000 r-xp 00000000 08:01 261707                     /usr/lib/jvm/java-8-openjdk-amd64/jre/lib/amd64/libmanagement.so
7fc8d181e000-7fc8d1a1d000 ---p 00009000 08:01 261707                     /usr/lib/jvm/java-8-openjdk-amd64/jre/lib/amd64/libmanagement.so
7fc8d1a1d000-7fc8d1a1e000 r--p 00008000 08:01 261707                     /usr/lib/jvm/java-8-openjdk-amd64/jre/lib/amd64/libmanagement.so
7fc8d1a1e000-7fc8d1a1f000 rw-p 00009000 08:01 261707                     /usr/lib/jvm/java-8-openjdk-amd64/jre/lib/amd64/libmanagement.so
7fc8d1a1f000-7fc8d1a24000 r--s 0009a000 08:01 261745                     /usr/lib/jvm/java-8-openjdk-amd64/jre/lib/jsse.jar
7fc8d1a24000-7fc8d1a25000 r--s 00008000 08:01 299346                     /home/vagrant/.gradle/wrapper/dists/gradle-3.5.1-bin/5aglzaqc99i3lll5iwkbm96su/gradle-3.5.1/lib/plugins/gradle-tooling-api-builders-3.5.1.jar
7fc8d1a25000-7fc8d1a28000 r--s 00009000 08:01 299339                     /home/vagrant/.gradle/wrapper/dists/gradle-3.5.1-bin/5aglzaqc99i3lll5iwkbm96su/gradle-3.5.1/lib/plugins/gradle-testing-native-3.5.1.jar
7fc8d1a28000-7fc8d1a2e000 r--s 00033000 08:01 299416                     /home/vagrant/.gradle/wrapper/dists/gradle-3.5.1-bin/5aglzaqc99i3lll5iwkbm96su/gradle-3.5.1/lib/plugins/snakeyaml-1.6.jar
7fc8d1a2e000-7fc8d1a30000 r--s 00006000 08:01 299415                     /home/vagrant/.gradle/wrapper/dists/gradle-3.5.1-bin/5aglzaqc99i3lll5iwkbm96su/gradle-3.5.1/lib/plugins/jcommander-1.12.jar
7fc8d1a30000-7fc8d1a35000 r--s 00040000 08:01 299414                     /home/vagrant/.gradle/wrapper/dists/gradle-3.5.1-bin/5aglzaqc99i3lll5iwkbm96su/gradle-3.5.1/lib/plugins/bsh-2.0b4.jar
7fc8d1a35000-7fc8d1a37000 r--s 00009000 08:01 299420                     /home/vagrant/.gradle/wrapper/dists/gradle-3.5.1-bin/5aglzaqc99i3lll5iwkbm96su/gradle-3.5.1/lib/plugins/hamcrest-core-1.3.jar
7fc8d1a37000-7fc8d1a40000 r--s 00089000 08:01 299371                     /home/vagrant/.gradle/wrapper/dists/gradle-3.5.1-bin/5aglzaqc99i3lll5iwkbm96su/gradle-3.5.1/lib/plugins/testng-6.3.1.jar
7fc8d1a40000-7fc8d1a48000 r--s 00045000 08:01 299370                     /home/vagrant/.gradle/wrapper/dists/gradle-3.5.1-bin/5aglzaqc99i3lll5iwkbm96su/gradle-3.5.1/lib/plugins/junit-4.12.jar
7fc8d1a48000-7fc8d1a4e000 r--s 0002e000 08:01 299340                     /home/vagrant/.gradle/wrapper/dists/gradle-3.5.1-bin/5aglzaqc99i3lll5iwkbm96su/gradle-3.5.1/lib/plugins/gradle-testing-jvm-3.5.1.jar
7fc8d1a4e000-7fc8d1a52000 r--s 00016000 08:01 299338                     /home/vagrant/.gradle/wrapper/dists/gradle-3.5.1-bin/5aglzaqc99i3lll5iwkbm96su/gradle-3.5.1/lib/plugins/gradle-testing-base-3.5.1.jar
7fc8d1a52000-7fc8d1a59000 r--s 00038000 08:01 299365                     /home/vagrant/.gradle/wrapper/dists/gradle-3.5.1-bin/5aglzaqc99i3lll5iwkbm96su/gradle-3.5.1/lib/plugins/bcpg-jdk15on-1.51.jar
7fc8d1a59000-7fc8d1a5b000 r--s 0000c000 08:01 299317                     /home/vagrant/.gradle/wrapper/dists/gradle-3.5.1-bin/5aglzaqc99i3lll5iwkbm96su/gradle-3.5.1/lib/plugins/gradle-signing-3.5.1.jar
7fc8d1a5b000-7fc8d1a5d000 r--s 00007000 08:01 299316                     /home/vagrant/.gradle/wrapper/dists/gradle-3.5.1-bin/5aglzaqc99i3lll5iwkbm96su/gradle-3.5.1/lib/plugins/gradle-scala-3.5.1.jar
7fc8d1a5d000-7fc8d1a5e000 r--s 00004000 08:01 299344                     /home/vagrant/.gradle/wrapper/dists/gradle-3.5.1-bin/5aglzaqc99i3lll5iwkbm96su/gradle-3.5.1/lib/plugins/gradle-resources-sftp-3.5.1.jar
7fc8d1a5e000-7fc8d1a6e000 r--s 00088000 08:01 299383                     /home/vagrant/.gradle/wrapper/dists/gradle-3.5.1-bin/5aglzaqc99i3lll5iwkbm96su/gradle-3.5.1/lib/plugins/joda-time-2.8.2.jar
7fc8d1a6e000-7fc8d1a7f000 r--s 0010d000 08:01 299382                     /home/vagrant/.gradle/wrapper/dists/gradle-3.5.1-bin/5aglzaqc99i3lll5iwkbm96su/gradle-3.5.1/lib/plugins/jackson-databind-2.6.6.jar
7fc8d1a7f000-7fc8d1a82000 r--s 00009000 08:01 299381                     /home/vagrant/.gradle/wrapper/dists/gradle-3.5.1-bin/5aglzaqc99i3lll5iwkbm96su/gradle-3.5.1/lib/plugins/jackson-annotations-2.6.6.jar
7fc8d1a82000-7fc8d1a86000 r--s 0003c000 08:01 299380                     /home/vagrant/.gradle/wrapper/dists/gradle-3.5.1-bin/5aglzaqc99i3lll5iwkbm96su/gradle-3.5.1/lib/plugins/jackson-core-2.6.6.jar
7fc8d1a86000-7fc8d1a94000 r--s 00087000 08:01 299379                     /home/vagrant/.gradle/wrapper/dists/gradle-3.5.1-bin/5aglzaqc99i3lll5iwkbm96su/gradle-3.5.1/lib/plugins/aws-java-sdk-core-1.11.6.jar
7fc8d1a94000-7fc8d1a9b000 r--s 00057000 08:01 299378                     /home/vagrant/.gradle/wrapper/dists/gradle-3.5.1-bin/5aglzaqc99i3lll5iwkbm96su/gradle-3.5.1/lib/plugins/aws-java-sdk-kms-1.11.6.jar
7fc8d1a9b000-7fc8d1aa8000 r--s 0008e000 08:01 299377                     /home/vagrant/.gradle/wrapper/dists/gradle-3.5.1-bin/5aglzaqc99i3lll5iwkbm96su/gradle-3.5.1/lib/plugins/aws-java-sdk-s3-1.11.6.jar
7fc8d1aa8000-7fc8d1aaa000 r--s 00004000 08:01 299345                     /home/vagrant/.gradle/wrapper/dists/gradle-3.5.1-bin/5aglzaqc99i3lll5iwkbm96su/gradle-3.5.1/lib/plugins/gradle-resources-s3-3.5.1.jar
7fc8d1aaa000-7fc8d1aac000 r--s 0000f000 08:01 299322                     /home/vagrant/.gradle/wrapper/dists/gradle-3.5.1-bin/5aglzaqc99i3lll5iwkbm96su/gradle-3.5.1/lib/plugins/gradle-reporting-3.5.1.jar
7fc8d1aac000-7fc8d1aae000 r--s 00002000 08:01 299323                     /home/vagrant/.gradle/wrapper/dists/gradle-3.5.1-bin/5aglzaqc99i3lll5iwkbm96su/gradle-3.5.1/lib/plugins/gradle-publish-3.5.1.jar
7fc8d1aae000-7fc8d1ab0000 r--s 00009000 08:01 299352                     /home/vagrant/.gradle/wrapper/dists/gradle-3.5.1-bin/5aglzaqc99i3lll5iwkbm96su/gradle-3.5.1/lib/plugins/commons-cli-1.2.jar
7fc8d1ab0000-7fc8d1ab6000 r--s 00035000 08:01 299308                     /home/vagrant/.gradle/wrapper/dists/gradle-3.5.1-bin/5aglzaqc99i3lll5iwkbm96su/gradle-3.5.1/lib/plugins/gradle-plugins-3.5.1.jar
7fc8d1ab6000-7fc8d1ab8000 r--s 00009000 08:01 299341                     /home/vagrant/.gradle/wrapper/dists/gradle-3.5.1-bin/5aglzaqc99i3lll5iwkbm96su/gradle-3.5.1/lib/plugins/gradle-plugin-development-3.5.1.jar
7fc8d1ab8000-7fc8d1abe000 r--s 0002b000 08:01 299334                     /home/vagrant/.gradle/wrapper/dists/gradle-3.5.1-bin/5aglzaqc99i3lll5iwkbm96su/gradle-3.5.1/lib/plugins/gradle-platform-play-3.5.1.jar
7fc8d1abe000-7fc8d1acc000 r--s 00056000 08:01 299333                     /home/vagrant/.gradle/wrapper/dists/gradle-3.5.1-bin/5aglzaqc99i3lll5iwkbm96su/gradle-3.5.1/lib/plugins/gradle-platform-native-3.5.1.jar
7fc8d1acc000-7fc8d1ad0000 r--s 0001b000 08:01 299328                     /home/vagrant/.gradle/wrapper/dists/gradle-3.5.1-bin/5aglzaqc99i3lll5iwkbm96su/gradle-3.5.1/lib/plugins/gradle-platform-jvm-3.5.1.jar
7fc8d1ad0000-7fc8d1ad7000 r--s 00027000 08:01 299327                     /home/vagrant/.gradle/wrapper/dists/gradle-3.5.1-bin/5aglzaqc99i3lll5iwkbm96su/gradle-3.5.1/lib/plugins/gradle-platform-base-3.5.1.jar
7fc8d1ad7000-7fc8d1aff000 r--s 0021c000 08:01 299360                     /home/vagrant/.gradle/wrapper/dists/gradle-3.5.1-bin/5aglzaqc99i3lll5iwkbm96su/gradle-3.5.1/lib/plugins/biz.aQute.bndlib-3.2.0.jar
7fc8d1aff000-7fc8d1b01000 r--s 00003000 08:01 299312                     /home/vagrant/.gradle/wrapper/dists/gradle-3.5.1-bin/5aglzaqc99i3lll5iwkbm96su/gradle-3.5.1/lib/plugins/gradle-osgi-3.5.1.jar
7fc8d1b01000-7fc8d1b04000 r--s 0000c000 08:01 299363                     /home/vagrant/.gradle/wrapper/dists/gradle-3.5.1-bin/5aglzaqc99i3lll5iwkbm96su/gradle-3.5.1/lib/plugins/pmaven-groovy-0.8-20100325.jar
7fc8d1b04000-7fc8d1b05000 r--s 00004000 08:01 299362                     /home/vagrant/.gradle/wrapper/dists/gradle-3.5.1-bin/5aglzaqc99i3lll5iwkbm96su/gradle-3.5.1/lib/plugins/pmaven-common-0.8-20100325.jar
7fc8d1b05000-7fc8d1b0b000 r--s 00023000 08:01 299313                     /home/vagrant/.gradle/wrapper/dists/gradle-3.5.1-bin/5aglzaqc99i3lll5iwkbm96su/gradle-3.5.1/lib/plugins/gradle-maven-3.5.1.jar
7fc8d1b0b000-7fc8d1b0e000 r--s 0000b000 08:01 299332                     /home/vagrant/.gradle/wrapper/dists/gradle-3.5.1-bin/5aglzaqc99i3lll5iwkbm96su/gradle-3.5.1/lib/plugins/gradle-language-scala-3.5.1.jar
7fc8d1b0e000-7fc8d1b14000 r--s 0001a000 08:01 299336                     /home/vagrant/.gradle/wrapper/dists/gradle-3.5.1-bin/5aglzaqc99i3lll5iwkbm96su/gradle-3.5.1/lib/plugins/gradle-language-native-3.5.1.jar
7fc8d1b14000-7fc8d1b16000 r--s 00006000 08:01 299329                     /home/vagrant/.gradle/wrapper/dists/gradle-3.5.1-bin/5aglzaqc99i3lll5iwkbm96su/gradle-3.5.1/lib/plugins/gradle-language-jvm-3.5.1.jar
7fc8d1b16000-7fc8d1b1d000 r--s 0002f000 08:01 299330                     /home/vagrant/.gradle/wrapper/dists/gradle-3.5.1-bin/5aglzaqc99i3lll5iwkbm96su/gradle-3.5.1/lib/plugins/gradle-language-java-3.5.1.jar
7fc8d1b1d000-7fc8d1b1f000 r--s 0000a000 08:01 299331                     /home/vagrant/.gradle/wrapper/dists/gradle-3.5.1-bin/5aglzaqc99i3lll5iwkbm96su/gradle-3.5.1/lib/plugins/gradle-language-groovy-3.5.1.jar
7fc8d1b1f000-7fc8d1b22000 r--s 0001e000 08:01 299389                     /home/vagrant/.gradle/wrapper/dists/gradle-3.5.1-bin/5aglzaqc99i3lll5iwkbm96su/gradle-3.5.1/lib/plugins/jsp-api-2.1-6.1.14.jar
7fc8d1b22000-7fc8d1b45000 r--s 00344000 08:01 299388                     /home/vagrant/.gradle/wrapper/dists/gradle-3.5.1-bin/5aglzaqc99i3lll5iwkbm96su/gradle-3.5.1/lib/plugins/core-3.1.1.jar
7fc8d1b45000-7fc8d1b46000 r--s 00006000 08:01 299387                     /home/vagrant/.gradle/wrapper/dists/gradle-3.5.1-bin/5aglzaqc99i3lll5iwkbm96su/gradle-3.5.1/lib/plugins/jetty-naming-6.1.26.jar
7fc8d1b46000-7fc8d1b47000 r--s 00002000 08:01 299359                     /home/vagrant/.gradle/wrapper/dists/gradle-3.5.1-bin/5aglzaqc99i3lll5iwkbm96su/gradle-3.5.1/lib/plugins/geronimo-annotation_1.0_spec-1.0.jar
7fc8d1b47000-7fc8d1b49000 r--s 00002000 08:01 299358                     /home/vagrant/.gradle/wrapper/dists/gradle-3.5.1-bin/5aglzaqc99i3lll5iwkbm96su/gradle-3.5.1/lib/plugins/jetty-annotations-6.1.26.jar
7fc8d1b49000-7fc8d1b5a000 r--s 000ea000 08:01 299357                     /home/vagrant/.gradle/wrapper/dists/gradle-3.5.1-bin/5aglzaqc99i3lll5iwkbm96su/gradle-3.5.1/lib/plugins/jsp-2.1-6.1.14.jar
7fc8d1b5a000-7fc8d1b5c000 r--s 0000d000 08:01 299356                     /home/vagrant/.gradle/wrapper/dists/gradle-3.5.1-bin/5aglzaqc99i3lll5iwkbm96su/gradle-3.5.1/lib/plugins/jetty-plus-6.1.26.jar
7fc8d1b5c000-7fc8d1b5e000 r--s 0001f000 08:01 299355                     /home/vagrant/.gradle/wrapper/dists/gradle-3.5.1-bin/5aglzaqc99i3lll5iwkbm96su/gradle-3.5.1/lib/plugins/servlet-api-2.5-20081211.jar
7fc8d1b5e000-7fc8d1b62000 r--s 00028000 08:01 299354                     /home/vagrant/.gradle/wrapper/dists/gradle-3.5.1-bin/5aglzaqc99i3lll5iwkbm96su/gradle-3.5.1/lib/plugins/jetty-util-6.1.26.jar
7fc8d1b62000-7fc8d1b69000 r--s 0007d000 08:01 299353                     /home/vagrant/.gradle/wrapper/dists/gradle-3.5.1-bin/5aglzaqc99i3lll5iwkbm96su/gradle-3.5.1/lib/plugins/jetty-6.1.26.jar
7fc8d1b69000-7fc8d1b6b000 r--s 0000a000 08:01 299310                     /home/vagrant/.gradle/wrapper/dists/gradle-3.5.1-bin/5aglzaqc99i3lll5iwkbm96su/gradle-3.5.1/lib/plugins/gradle-jetty-3.5.1.jar
7fc8d1b6b000-7fc8d1b72000 r--s 00035000 08:01 299368                     /home/vagrant/.gradle/wrapper/dists/gradle-3.5.1-bin/5aglzaqc99i3lll5iwkbm96su/gradle-3.5.1/lib/plugins/simple-4.1.21.jar
7fc8d1b72000-7fc8d1b7e000 r--s 00100000 08:01 299366                     /home/vagrant/.gradle/wrapper/dists/gradle-3.5.1-bin/5aglzaqc99i3lll5iwkbm96su/gradle-3.5.1/lib/plugins/rhino-1.7R3.jar
7fc8d1b7e000-7fc8d1b82000 r--s 00012000 08:01 299319                     /home/vagrant/.gradle/wrapper/dists/gradle-3.5.1-bin/5aglzaqc99i3lll5iwkbm96su/gradle-3.5.1/lib/plugins/gradle-javascript-3.5.1.jar
7fc8d1b82000-7fc8d1b85000 r--s 00011000 08:01 299325                     /home/vagrant/.gradle/wrapper/dists/gradle-3.5.1-bin/5aglzaqc99i3lll5iwkbm96su/gradle-3.5.1/lib/plugins/gradle-jacoco-3.5.1.jar
7fc8d1b85000-7fc8d1b88000 r--s 0000e000 08:01 299324                     /home/vagrant/.gradle/wrapper/dists/gradle-3.5.1-bin/5aglzaqc99i3lll5iwkbm96su/gradle-3.5.1/lib/plugins/gradle-ivy-3.5.1.jar
7fc8d1b88000-7fc8d1b89000 r--s 00002000 08:01 299335                     /home/vagrant/.gradle/wrapper/dists/gradle-3.5.1-bin/5aglzaqc99i3lll5iwkbm96su/gradle-3.5.1/lib/plugins/gradle-ide-play-3.5.1.jar
7fc8d1b89000-7fc8d1b8c000 r--s 00013000 08:01 299337                     /home/vagrant/.gradle/wrapper/dists/gradle-3.5.1-bin/5aglzaqc99i3lll5iwkbm96su/gradle-3.5.1/lib/plugins/gradle-ide-native-3.5.1.jar
7fc8d1b8c000-7fc8d1b95000 r--s 00056000 08:01 299314                     /home/vagrant/.gradle/wrapper/dists/gradle-3.5.1-bin/5aglzaqc99i3lll5iwkbm96su/gradle-3.5.1/lib/plugins/gradle-ide-3.5.1.jar
7fc8d1b95000-7fc8d1b97000 r--s 00007000 08:01 299318                     /home/vagrant/.gradle/wrapper/dists/gradle-3.5.1-bin/5aglzaqc99i3lll5iwkbm96su/gradle-3.5.1/lib/plugins/gradle-ear-3.5.1.jar
7fc8d1b97000-7fc8d1b99000 r--s 00005000 08:01 299369                     /home/vagrant/.gradle/wrapper/dists/gradle-3.5.1-bin/5aglzaqc99i3lll5iwkbm96su/gradle-3.5.1/lib/plugins/jatl-0.2.2.jar
7fc8d1b99000-7fc8d1ba0000 r--s 00038000 08:01 299321                     /home/vagrant/.gradle/wrapper/dists/gradle-3.5.1-bin/5aglzaqc99i3lll5iwkbm96su/gradle-3.5.1/lib/plugins/gradle-diagnostics-3.5.1.jar
7fc8d1ba0000-7fc8d1ba2000 r--s 00009000 08:01 299347                     /home/vagrant/.gradle/wrapper/dists/gradle-3.5.1-bin/5aglzaqc99i3lll5iwkbm96su/gradle-3.5.1/lib/plugins/gradle-composite-builds-3.5.1.jar
7fc8d1ba2000-7fc8d1ba7000 r--s 00023000 08:01 299309                     /home/vagrant/.gradle/wrapper/dists/gradle-3.5.1-bin/5aglzaqc99i3lll5iwkbm96su/gradle-3.5.1/lib/plugins/gradle-code-quality-3.5.1.jar
7fc8d1ba7000-7fc8d1bac000 r--s 00022000 08:01 299326                     /home/vagrant/.gradle/wrapper/dists/gradle-3.5.1-bin/5aglzaqc99i3lll5iwkbm96su/gradle-3.5.1/lib/plugins/gradle-build-init-3.5.1.jar
7fc8d1bac000-7fc8d1bb2000 r--s 0008e000 08:01 299320                     /home/vagrant/.gradle/wrapper/dists/gradle-3.5.1-bin/5aglzaqc99i3lll5iwkbm96su/gradle-3.5.1/lib/plugins/gradle-build-comparison-3.5.1.jar
7fc8d1bb2000-7fc8d1bb3000 r--s 00002000 08:01 299348                     /home/vagrant/.gradle/wrapper/dists/gradle-3.5.1-bin/5aglzaqc99i3lll5iwkbm96su/gradle-3.5.1/lib/plugins/gradle-build-cache-http-3.5.1.jar
7fc8d1bb3000-7fc8d1bb5000 r--s 00008000 08:01 299311                     /home/vagrant/.gradle/wrapper/dists/gradle-3.5.1-bin/5aglzaqc99i3lll5iwkbm96su/gradle-3.5.1/lib/plugins/gradle-antlr-3.5.1.jar
7fc8d1bb5000-7fc8d1bb7000 r--s 00004000 08:01 299315                     /home/vagrant/.gradle/wrapper/dists/gradle-3.5.1-bin/5aglzaqc99i3lll5iwkbm96su/gradle-3.5.1/lib/plugins/gradle-announce-3.5.1.jar
7fc8d1bb7000-7fc8d1bbf000 r--s 00028000 08:01 299418                     /home/vagrant/.gradle/wrapper/dists/gradle-3.5.1-bin/5aglzaqc99i3lll5iwkbm96su/gradle-3.5.1/lib/plugins/xml-apis-1.3.04.jar
7fc8d1bbf000-7fc8d1bc5000 r--s 00033000 08:01 299364                     /home/vagrant/.gradle/wrapper/dists/gradle-3.5.1-bin/5aglzaqc99i3lll5iwkbm96su/gradle-3.5.1/lib/plugins/commons-codec-1.6.jar
7fc8d1bc5000-7fc8d1bcc000 r--s 00049000 08:01 299417                     /home/vagrant/.gradle/wrapper/dists/gradle-3.5.1-bin/5aglzaqc99i3lll5iwkbm96su/gradle-3.5.1/lib/plugins/httpcore-4.4.4.jar
7fc8d1bcc000-7fc8d1bcf000 r--s 0001c000 08:01 299375                     /home/vagrant/.gradle/wrapper/dists/gradle-3.5.1-bin/5aglzaqc99i3lll5iwkbm96su/gradle-3.5.1/lib/plugins/nekohtml-1.9.14.jar
7fc8d1bcf000-7fc8d1be7000 r--s 00115000 08:01 299374                     /home/vagrant/.gradle/wrapper/dists/gradle-3.5.1-bin/5aglzaqc99i3lll5iwkbm96su/gradle-3.5.1/lib/plugins/xercesImpl-2.9.1.jar
7fc8d1be7000-7fc8d1bed000 r--s 0005b000 08:01 299373                     /home/vagrant/.gradle/wrapper/dists/gradle-3.5.1-bin/5aglzaqc99i3lll5iwkbm96su/gradle-3.5.1/lib/plugins/jcifs-1.3.17.jar
7fc8d1bed000-7fc8d1bfa000 r--s 000a4000 08:01 299372                     /home/vagrant/.gradle/wrapper/dists/gradle-3.5.1-bin/5aglzaqc99i3lll5iwkbm96su/gradle-3.5.1/lib/plugins/httpclient-4.4.1.jar
7fc8d1bfa000-7fc8d1bfd000 r--s 0000a000 08:01 299343                     /home/vagrant/.gradle/wrapper/dists/gradle-3.5.1-bin/5aglzaqc99i3lll5iwkbm96su/gradle-3.5.1/lib/plugins/gradle-resources-http-3.5.1.jar
7fc8d1bfd000-7fc8d1c01000 r--s 00017000 08:01 299342                     /home/vagrant/.gradle/wrapper/dists/gradle-3.5.1-bin/5aglzaqc99i3lll5iwkbm96su/gradle-3.5.1/lib/plugins/gradle-plugin-use-3.5.1.jar
7fc8d1c01000-7fc8d1c02000 r--s 00000000 08:01 299252                     /home/vagrant/.gradle/wrapper/dists/gradle-3.5.1-bin/5aglzaqc99i3lll5iwkbm96su/gradle-3.5.1/lib/gradle-runtime-api-info-3.5.1.jar
7fc8d1c02000-7fc8d1c03000 r--s 00000000 08:01 299254                     /home/vagrant/.gradle/wrapper/dists/gradle-3.5.1-bin/5aglzaqc99i3lll5iwkbm96su/gradle-3.5.1/lib/gradle-installation-beacon-3.5.1.jar
7fc8d1c03000-7fc8d1c05000 r--s 00006000 08:01 299413                     /home/vagrant/.gradle/wrapper/dists/gradle-3.5.1-bin/5aglzaqc99i3lll5iwkbm96su/gradle-3.5.1/lib/plugins/aether-connector-wagon-1.13.1.jar
7fc8d1c05000-7fc8d1c09000 r--s 0001c000 08:01 299412                     /home/vagrant/.gradle/wrapper/dists/gradle-3.5.1-bin/5aglzaqc99i3lll5iwkbm96su/gradle-3.5.1/lib/plugins/aether-util-1.13.1.jar
7fc8d1c09000-7fc8d1c0a000 r--s 00003000 08:01 299411                     /home/vagrant/.gradle/wrapper/dists/gradle-3.5.1-bin/5aglzaqc99i3lll5iwkbm96su/gradle-3.5.1/lib/plugins/aether-spi-1.13.1.jar
7fc8d1c0a000-7fc8d1c0d000 r--s 0001d000 08:01 299410                     /home/vagrant/.gradle/wrapper/dists/gradle-3.5.1-bin/5aglzaqc99i3lll5iwkbm96su/gradle-3.5.1/lib/plugins/aether-impl-1.13.1.jar
7fc8d1c0d000-7fc8d1c10000 r--s 00013000 08:01 299409                     /home/vagrant/.gradle/wrapper/dists/gradle-3.5.1-bin/5aglzaqc99i3lll5iwkbm96su/gradle-3.5.1/lib/plugins/aether-api-1.13.1.jar
7fc8d1c10000-7fc8d1c11000 r--s 00007000 08:01 299408                     /home/vagrant/.gradle/wrapper/dists/gradle-3.5.1-bin/5aglzaqc99i3lll5iwkbm96su/gradle-3.5.1/lib/plugins/wagon-http-shared4-2.4.jar
7fc8d1c11000-7fc8d1c13000 r--s 0000b000 08:01 299407                     /home/vagrant/.gradle/wrapper/dists/gradle-3.5.1-bin/5aglzaqc99i3lll5iwkbm96su/gradle-3.5.1/lib/plugins/wagon-provider-api-2.4.jar
7fc8d1c13000-7fc8d1c14000 r--s 00002000 08:01 299406                     /home/vagrant/.gradle/wrapper/dists/gradle-3.5.1-bin/5aglzaqc99i3lll5iwkbm96su/gradle-3.5.1/lib/plugins/wagon-http-2.4.jar
7fc8d1c14000-7fc8d1c15000 r--s 00002000 08:01 299405                     /home/vagrant/.gradle/wrapper/dists/gradle-3.5.1-bin/5aglzaqc99i3lll5iwkbm96su/gradle-3.5.1/lib/plugins/wagon-file-2.4.jar
7fc8d1c15000-7fc8d1c17000 r--s 0000c000 08:01 299404                     /home/vagrant/.gradle/wrapper/dists/gradle-3.5.1-bin/5aglzaqc99i3lll5iwkbm96su/gradle-3.5.1/lib/plugins/maven-aether-provider-3.0.4.jar
7fc8d1c17000-7fc8d1c19000 r--s 0000b000 08:01 299403                     /home/vagrant/.gradle/wrapper/dists/gradle-3.5.1-bin/5aglzaqc99i3lll5iwkbm96su/gradle-3.5.1/lib/plugins/maven-plugin-api-3.0.4.jar
7fc8d1c19000-7fc8d1c1b000 r--s 00006000 08:01 299402                     /home/vagrant/.gradle/wrapper/dists/gradle-3.5.1-bin/5aglzaqc99i3lll5iwkbm96su/gradle-3.5.1/lib/plugins/maven-repository-metadata-3.0.4.jar
7fc8d1c1b000-7fc8d1c1d000 r--s 0000b000 08:01 299401                     /home/vagrant/.gradle/wrapper/dists/gradle-3.5.1-bin/5aglzaqc99i3lll5iwkbm96su/gradle-3.5.1/lib/plugins/maven-artifact-3.0.4.jar
7fc8d1c1d000-7fc8d1c1f000 r--s 00026000 08:01 299400                     /home/vagrant/.gradle/wrapper/dists/gradle-3.5.1-bin/5aglzaqc99i3lll5iwkbm96su/gradle-3.5.1/lib/plugins/maven-model-3.0.4.jar
7fc8d1c1f000-7fc8d1c23000 r--s 00021000 08:01 299399                     /home/vagrant/.gradle/wrapper/dists/gradle-3.5.1-bin/5aglzaqc99i3lll5iwkbm96su/gradle-3.5.1/lib/plugins/maven-model-builder-3.0.4.jar
7fc8d1c23000-7fc8d1c29000 r--s 0003f000 08:01 299398                     /home/vagrant/.gradle/wrapper/dists/gradle-3.5.1-bin/5aglzaqc99i3lll5iwkbm96su/gradle-3.5.1/lib/plugins/maven-compat-3.0.4.jar
7fc8d1c29000-7fc8d1c2a000 r--s 00006000 08:01 299397                     /home/vagrant/.gradle/wrapper/dists/gradle-3.5.1-bin/5aglzaqc99i3lll5iwkbm96su/gradle-3.5.1/lib/plugins/plexus-sec-dispatcher-1.3.jar
7fc8d1c2a000-7fc8d1c2c000 r--s 00002000 08:01 299396                     /home/vagrant/.gradle/wrapper/dists/gradle-3.5.1-bin/5aglzaqc99i3lll5iwkbm96su/gradle-3.5.1/lib/plugins/plexus-cipher-1.7.jar
7fc8d1c2c000-7fc8d1c2e000 r--s 0000a000 08:01 299395                     /home/vagrant/.gradle/wrapper/dists/gradle-3.5.1-bin/5aglzaqc99i3lll5iwkbm96su/gradle-3.5.1/lib/plugins/plexus-classworlds-2.4.jar
7fc8d1c2e000-7fc8d1c35000 r--s 0002e000 08:01 299394                     /home/vagrant/.gradle/wrapper/dists/gradle-3.5.1-bin/5aglzaqc99i3lll5iwkbm96su/gradle-3.5.1/lib/plugins/plexus-container-default-1.5.5.jar
7fc8d1c35000-7fc8d1c37000 r--s 00000000 08:01 299419                     /home/vagrant/.gradle/wrapper/dists/gradle-3.5.1-bin/5aglzaqc99i3lll5iwkbm96su/gradle-3.5.1/lib/plugins/plexus-component-annotations-1.5.5.jar
7fc8d1c37000-7fc8d1c39000 r--s 0000d000 08:01 299393                     /home/vagrant/.gradle/wrapper/dists/gradle-3.5.1-bin/5aglzaqc99i3lll5iwkbm96su/gradle-3.5.1/lib/plugins/plexus-interpolation-1.14.jar
7fc8d1c39000-7fc8d1c3d000 r--s 00033000 08:01 299392                     /home/vagrant/.gradle/wrapper/dists/gradle-3.5.1-bin/5aglzaqc99i3lll5iwkbm96su/gradle-3.5.1/lib/plugins/plexus-utils-2.0.6.jar
7fc8d1c3d000-7fc8d1c40000 r--s 00008000 08:01 299391                     /home/vagrant/.gradle/wrapper/dists/gradle-3.5.1-bin/5aglzaqc99i3lll5iwkbm96su/gradle-3.5.1/lib/plugins/maven-settings-builder-3.0.4.jar
7fc8d1c40000-7fc8d1c42000 r--s 0000a000 08:01 299390                     /home/vagrant/.gradle/wrapper/dists/gradle-3.5.1-bin/5aglzaqc99i3lll5iwkbm96su/gradle-3.5.1/lib/plugins/maven-settings-3.0.4.jar
7fc8d1c42000-7fc8d1c47000 r--s 00040000 08:01 299376                     /home/vagrant/.gradle/wrapper/dists/gradle-3.5.1-bin/5aglzaqc99i3lll5iwkbm96su/gradle-3.5.1/lib/plugins/jsch-0.1.54.jar
7fc8d1c47000-7fc8d1c87000 r--s 00277000 08:01 299386                     /home/vagrant/.gradle/wrapper/dists/gradle-3.5.1-bin/5aglzaqc99i3lll5iwkbm96su/gradle-3.5.1/lib/plugins/bcprov-jdk15on-1.51.jar
7fc8d1c87000-7fc8d1c8b000 r--s 0001d000 08:01 299385                     /home/vagrant/.gradle/wrapper/dists/gradle-3.5.1-bin/5aglzaqc99i3lll5iwkbm96su/gradle-3.5.1/lib/plugins/xbean-reflect-3.4.jar
7fc8d1c8b000-7fc8d1c97000 r--s 0007d000 08:01 299361                     /home/vagrant/.gradle/wrapper/dists/gradle-3.5.1-bin/5aglzaqc99i3lll5iwkbm96su/gradle-3.5.1/lib/plugins/maven-core-3.0.4.jar
7fc8d1c97000-7fc8d1c9c000 r--s 00034000 08:01 299367                     /home/vagrant/.gradle/wrapper/dists/gradle-3.5.1-bin/5aglzaqc99i3lll5iwkbm96su/gradle-3.5.1/lib/plugins/gson-2.7.jar
7fc8d1c9c000-7fc8d1cab000 r--s 000d9000 08:01 299384                     /home/vagrant/.gradle/wrapper/dists/gradle-3.5.1-bin/5aglzaqc99i3lll5iwkbm96su/gradle-3.5.1/lib/plugins/ivy-2.2.0.jar
7fc8d1cab000-7fc8d1ccc000 r--s 00105000 08:01 299350                     /home/vagrant/.gradle/wrapper/dists/gradle-3.5.1-bin/5aglzaqc99i3lll5iwkbm96su/gradle-3.5.1/lib/plugins/gradle-dependency-management-3.5.1.jar
7fc8d1ccc000-7fc8d1cce000 r--s 00007000 08:01 299349                     /home/vagrant/.gradle/wrapper/dists/gradle-3.5.1-bin/5aglzaqc99i3lll5iwkbm96su/gradle-3.5.1/lib/plugins/gradle-workers-3.5.1.jar
7fc8d1cce000-7fc8d1cd3000 r-xp 00000000 08:01 299427                     /home/vagrant/.gradle/native/25/linux-amd64/libnative-platform.so
7fc8d1cd3000-7fc8d1ed2000 ---p 00005000 08:01 299427                     /home/vagrant/.gradle/native/25/linux-amd64/libnative-platform.so
7fc8d1ed2000-7fc8d1ed3000 rw-p 00004000 08:01 299427                     /home/vagrant/.gradle/native/25/linux-amd64/libnative-platform.so
7fc8d1ed3000-7fc8d1ee4000 r-xp 00000000 08:01 261737                     /usr/lib/jvm/java-8-openjdk-amd64/jre/lib/amd64/libnio.so
7fc8d1ee4000-7fc8d20e4000 ---p 00011000 08:01 261737                     /usr/lib/jvm/java-8-openjdk-amd64/jre/lib/amd64/libnio.so
7fc8d20e4000-7fc8d20e5000 r--p 00011000 08:01 261737                     /usr/lib/jvm/java-8-openjdk-amd64/jre/lib/amd64/libnio.so
7fc8d20e5000-7fc8d20e6000 rw-p 00012000 08:01 261737                     /usr/lib/jvm/java-8-openjdk-amd64/jre/lib/amd64/libnio.so
7fc8d20e6000-7fc8d20fd000 r-xp 00000000 08:01 261724                     /usr/lib/jvm/java-8-openjdk-amd64/jre/lib/amd64/libnet.so
7fc8d20fd000-7fc8d22fc000 ---p 00017000 08:01 261724                     /usr/lib/jvm/java-8-openjdk-amd64/jre/lib/amd64/libnet.so
7fc8d22fc000-7fc8d22fd000 r--p 00016000 08:01 261724                     /usr/lib/jvm/java-8-openjdk-amd64/jre/lib/amd64/libnet.so
7fc8d22fd000-7fc8d22fe000 rw-p 00017000 08:01 261724                     /usr/lib/jvm/java-8-openjdk-amd64/jre/lib/amd64/libnet.so
7fc8d22fe000-7fc8d22ff000 r--s 00006000 08:01 299253                     /home/vagrant/.gradle/wrapper/dists/gradle-3.5.1-bin/5aglzaqc99i3lll5iwkbm96su/gradle-3.5.1/lib/gradle-wrapper-3.5.1.jar
7fc8d22ff000-7fc8d230c000 r--s 00043000 08:01 299260                     /home/vagrant/.gradle/wrapper/dists/gradle-3.5.1-bin/5aglzaqc99i3lll5iwkbm96su/gradle-3.5.1/lib/gradle-tooling-api-3.5.1.jar
7fc8d230c000-7fc8d230e000 r--s 00002000 08:01 299281                     /home/vagrant/.gradle/wrapper/dists/gradle-3.5.1-bin/5aglzaqc99i3lll5iwkbm96su/gradle-3.5.1/lib/gradle-open-api-3.5.1.jar
7fc8d230e000-7fc8d2314000 r--s 00032000 08:01 299283                     /home/vagrant/.gradle/wrapper/dists/gradle-3.5.1-bin/5aglzaqc99i3lll5iwkbm96su/gradle-3.5.1/lib/jaxen-1.1.jar
7fc8d2314000-7fc8d2319000 r--s 00048000 08:01 299282                     /home/vagrant/.gradle/wrapper/dists/gradle-3.5.1-bin/5aglzaqc99i3lll5iwkbm96su/gradle-3.5.1/lib/dom4j-1.6.1.jar
7fc8d2319000-7fc8d2324000 r--s 00059000 08:01 299259                     /home/vagrant/.gradle/wrapper/dists/gradle-3.5.1-bin/5aglzaqc99i3lll5iwkbm96su/gradle-3.5.1/lib/gradle-ui-3.5.1.jar
7fc8d2324000-7fc8d2332000 r--s 000cb000 08:01 299250                     /home/vagrant/.gradle/wrapper/dists/gradle-3.5.1-bin/5aglzaqc99i3lll5iwkbm96su/gradle-3.5.1/lib/kotlin-stdlib-1.1.0.jar
7fc8d2332000-7fc8d2369000 r--s 00284000 08:01 299249                     /home/vagrant/.gradle/wrapper/dists/gradle-3.5.1-bin/5aglzaqc99i3lll5iwkbm96su/gradle-3.5.1/lib/kotlin-reflect-1.1.0.jar
7fc8d2369000-7fc8d23a7000 rw-p 00000000 00:00 0 
7fc8d23a7000-7fc8d256c000 r--s 017fb000 08:01 299248                     /home/vagrant/.gradle/wrapper/dists/gradle-3.5.1-bin/5aglzaqc99i3lll5iwkbm96su/gradle-3.5.1/lib/kotlin-compiler-embeddable-1.1.0.jar
7fc8d256c000-7fc8d256e000 r--s 00003000 08:01 299246                     /home/vagrant/.gradle/wrapper/dists/gradle-3.5.1-bin/5aglzaqc99i3lll5iwkbm96su/gradle-3.5.1/lib/annotations-13.0.jar
7fc8d256e000-7fc8d2576000 r--s 00055000 08:01 299247                     /home/vagrant/.gradle/wrapper/dists/gradle-3.5.1-bin/5aglzaqc99i3lll5iwkbm96su/gradle-3.5.1/lib/gradle-script-kotlin-0.8.0.jar
7fc8d2576000-7fc8d2579000 r--s 0000b000 08:01 299269                     /home/vagrant/.gradle/wrapper/dists/gradle-3.5.1-bin/5aglzaqc99i3lll5iwkbm96su/gradle-3.5.1/lib/gradle-resources-3.5.1.jar
7fc8d2579000-7fc8d257b000 r--s 00005000 08:01 299258                     /home/vagrant/.gradle/wrapper/dists/gradle-3.5.1-bin/5aglzaqc99i3lll5iwkbm96su/gradle-3.5.1/lib/gradle-cli-3.5.1.jar
7fc8d257b000-7fc8d257d000 r--s 00003000 08:01 299287                     /home/vagrant/.gradle/wrapper/dists/gradle-3.5.1-bin/5aglzaqc99i3lll5iwkbm96su/gradle-3.5.1/lib/jcl-over-slf4j-1.7.10.jar
7fc8d257d000-7fc8d257e000 r--s 00005000 08:01 299286                     /home/vagrant/.gradle/wrapper/dists/gradle-3.5.1-bin/5aglzaqc99i3lll5iwkbm96su/gradle-3.5.1/lib/log4j-over-slf4j-1.7.10.jar
7fc8d257e000-7fc8d2580000 r--s 00000000 08:01 299285                     /home/vagrant/.gradle/wrapper/dists/gradle-3.5.1-bin/5aglzaqc99i3lll5iwkbm96su/gradle-3.5.1/lib/jul-to-slf4j-1.7.10.jar
7fc8d2580000-7fc8d2586000 r--s 00027000 08:01 299262                     /home/vagrant/.gradle/wrapper/dists/gradle-3.5.1-bin/5aglzaqc99i3lll5iwkbm96su/gradle-3.5.1/lib/gradle-logging-3.5.1.jar
7fc8d2586000-7fc8d2594000 r--s 0007f000 08:01 299270                     /home/vagrant/.gradle/wrapper/dists/gradle-3.5.1-bin/5aglzaqc99i3lll5iwkbm96su/gradle-3.5.1/lib/gradle-model-core-3.5.1.jar
7fc8d2594000-7fc8d2596000 r--s 00006000 08:01 299267                     /home/vagrant/.gradle/wrapper/dists/gradle-3.5.1-bin/5aglzaqc99i3lll5iwkbm96su/gradle-3.5.1/lib/gradle-base-services-groovy-3.5.1.jar
7fc8d2596000-7fc8d2598000 r--s 00007000 08:01 299275                     /home/vagrant/.gradle/wrapper/dists/gradle-3.5.1-bin/5aglzaqc99i3lll5iwkbm96su/gradle-3.5.1/lib/gradle-model-groovy-3.5.1.jar
7fc8d2598000-7fc8d2599000 r--s 00002000 08:01 299280                     /home/vagrant/.gradle/wrapper/dists/gradle-3.5.1-bin/5aglzaqc99i3lll5iwkbm96su/gradle-3.5.1/lib/gradle-docs-3.5.1.jar
7fc8d2599000-7fc8d259a000 r--s 00000000 08:01 299278                     /home/vagrant/.gradle/wrapper/dists/gradle-3.5.1-bin/5aglzaqc99i3lll5iwkbm96su/gradle-3.5.1/lib/jcip-annotations-1.0.jar
7fc8d259a000-7fc8d25a7000 r--s 00083000 08:01 299276                     /home/vagrant/.gradle/wrapper/dists/gradle-3.5.1-bin/5aglzaqc99i3lll5iwkbm96su/gradle-3.5.1/lib/commons-collections-3.2.2.jar
7fc8d25a7000-7fc8d25a8000 r--s 00000000 08:01 299274                     /home/vagrant/.gradle/wrapper/dists/gradle-3.5.1-bin/5aglzaqc99i3lll5iwkbm96su/gradle-3.5.1/lib/javax.inject-1.jar
7fc8d25a8000-7fc8d2618000 r--s 00645000 08:01 299271                     /home/vagrant/.gradle/wrapper/dists/gradle-3.5.1-bin/5aglzaqc99i3lll5iwkbm96su/gradle-3.5.1/lib/groovy-all-2.4.10.jar
7fc8d2618000-7fc8d2619000 r--s 00001000 08:01 299303                     /home/vagrant/.gradle/wrapper/dists/gradle-3.5.1-bin/5aglzaqc99i3lll5iwkbm96su/gradle-3.5.1/lib/native-platform-linux-i386-ncurses6-0.14.jar
7fc8d2619000-7fc8d261a000 r--s 00001000 08:01 299302                     /home/vagrant/.gradle/wrapper/dists/gradle-3.5.1-bin/5aglzaqc99i3lll5iwkbm96su/gradle-3.5.1/lib/native-platform-linux-i386-ncurses5-0.14.jar
7fc8d261a000-7fc8d261b000 r--s 00001000 08:01 299301                     /home/vagrant/.gradle/wrapper/dists/gradle-3.5.1-bin/5aglzaqc99i3lll5iwkbm96su/gradle-3.5.1/lib/native-platform-linux-amd64-ncurses6-0.14.jar
7fc8d261b000-7fc8d261c000 r--s 00001000 08:01 299300                     /home/vagrant/.gradle/wrapper/dists/gradle-3.5.1-bin/5aglzaqc99i3lll5iwkbm96su/gradle-3.5.1/lib/native-platform-linux-amd64-ncurses5-0.14.jar
7fc8d261c000-7fc8d261d000 r--s 0000b000 08:01 299299                     /home/vagrant/.gradle/wrapper/dists/gradle-3.5.1-bin/5aglzaqc99i3lll5iwkbm96su/gradle-3.5.1/lib/native-platform-windows-i386-0.14.jar
7fc8d261d000-7fc8d261f000 r--s 0000b000 08:01 299298                     /home/vagrant/.gradle/wrapper/dists/gradle-3.5.1-bin/5aglzaqc99i3lll5iwkbm96su/gradle-3.5.1/lib/native-platform-windows-amd64-0.14.jar
7fc8d261f000-7fc8d2620000 r--s 00003000 08:01 299297                     /home/vagrant/.gradle/wrapper/dists/gradle-3.5.1-bin/5aglzaqc99i3lll5iwkbm96su/gradle-3.5.1/lib/native-platform-osx-i386-0.14.jar
7fc8d2620000-7fc8d2622000 r--s 00002000 08:01 299296                     /home/vagrant/.gradle/wrapper/dists/gradle-3.5.1-bin/5aglzaqc99i3lll5iwkbm96su/gradle-3.5.1/lib/native-platform-osx-amd64-0.14.jar
7fc8d2622000-7fc8d2623000 r--s 00002000 08:01 299295                     /home/vagrant/.gradle/wrapper/dists/gradle-3.5.1-bin/5aglzaqc99i3lll5iwkbm96su/gradle-3.5.1/lib/native-platform-linux-i386-0.14.jar
7fc8d2623000-7fc8d2624000 r--s 00002000 08:01 299294                     /home/vagrant/.gradle/wrapper/dists/gradle-3.5.1-bin/5aglzaqc99i3lll5iwkbm96su/gradle-3.5.1/lib/native-platform-linux-amd64-0.14.jar
7fc8d2624000-7fc8d2625000 r--s 00003000 08:01 299293                     /home/vagrant/.gradle/wrapper/dists/gradle-3.5.1-bin/5aglzaqc99i3lll5iwkbm96su/gradle-3.5.1/lib/native-platform-freebsd-i386-libstdcpp-0.14.jar
7fc8d2625000-7fc8d2626000 r--s 00004000 08:01 299292                     /home/vagrant/.gradle/wrapper/dists/gradle-3.5.1-bin/5aglzaqc99i3lll5iwkbm96su/gradle-3.5.1/lib/native-platform-freebsd-i386-libcpp-0.14.jar
7fc8d2626000-7fc8d2627000 r--s 00004000 08:01 299291                     /home/vagrant/.gradle/wrapper/dists/gradle-3.5.1-bin/5aglzaqc99i3lll5iwkbm96su/gradle-3.5.1/lib/native-platform-freebsd-amd64-libstdcpp-0.14.jar
7fc8d2627000-7fc8d2628000 r--s 00004000 08:01 299290                     /home/vagrant/.gradle/wrapper/dists/gradle-3.5.1-bin/5aglzaqc99i3lll5iwkbm96su/gradle-3.5.1/lib/native-platform-freebsd-amd64-libcpp-0.14.jar
7fc8d2628000-7fc8d262b000 r--s 00023000 08:01 299284                     /home/vagrant/.gradle/wrapper/dists/gradle-3.5.1-bin/5aglzaqc99i3lll5iwkbm96su/gradle-3.5.1/lib/jansi-1.14.jar
7fc8d262b000-7fc8d262f000 r--s 00027000 08:01 299277                     /home/vagrant/.gradle/wrapper/dists/gradle-3.5.1-bin/5aglzaqc99i3lll5iwkbm96su/gradle-3.5.1/lib/commons-io-2.2.jar
7fc8d262f000-7fc8d2633000 r--s 00012000 08:01 299279                     /home/vagrant/.gradle/wrapper/dists/gradle-3.5.1-bin/5aglzaqc99i3lll5iwkbm96su/gradle-3.5.1/lib/native-platform-0.14.jar
7fc8d2633000-7fc8d2636000 r--s 0000c000 08:01 299261                     /home/vagrant/.gradle/wrapper/dists/gradle-3.5.1-bin/5aglzaqc99i3lll5iwkbm96su/gradle-3.5.1/lib/gradle-native-3.5.1.jar
7fc8d2636000-7fc8d2638000 r--s 00007000 08:01 299306                     /home/vagrant/.gradle/wrapper/dists/gradle-3.5.1-bin/5aglzaqc99i3lll5iwkbm96su/gradle-3.5.1/lib/objenesis-1.2.jar
7fc8d2638000-7fc8d2660000 r--s 001cf000 08:01 299264                     /home/vagrant/.gradle/wrapper/dists/gradle-3.5.1-bin/5aglzaqc99i3lll5iwkbm96su/gradle-3.5.1/lib/guava-jdk5-17.0.jar
7fc8d2660000-7fc8d2661000 ---p 00000000 00:00 0 
7fc8d2661000-7fc8d2761000 rw-p 00000000 00:00 0 
7fc8d2761000-7fc8d2764000 ---p 00000000 00:00 0 
7fc8d2764000-7fc8d2862000 rw-p 00000000 00:00 0 
7fc8d2862000-7fc8d2865000 ---p 00000000 00:00 0 
7fc8d2865000-7fc8d2963000 rw-p 00000000 00:00 0 
7fc8d2963000-7fc8d2966000 ---p 00000000 00:00 0 
7fc8d2966000-7fc8d2a64000 rw-p 00000000 00:00 0 
7fc8d2a64000-7fc8d2a67000 ---p 00000000 00:00 0 
7fc8d2a67000-7fc8d2b65000 rw-p 00000000 00:00 0 
7fc8d2b65000-7fc8d2cfd000 r--p 00000000 08:01 27526                      /usr/lib/locale/locale-archive
7fc8d2cfd000-7fc8d2d00000 ---p 00000000 00:00 0 
7fc8d2d00000-7fc8d2dfe000 rw-p 00000000 00:00 0 
7fc8d2dfe000-7fc8d2e01000 ---p 00000000 00:00 0 
7fc8d2e01000-7fc8d2eff000 rw-p 00000000 00:00 0 
7fc8d2eff000-7fc8d2f00000 ---p 00000000 00:00 0 
7fc8d2f00000-7fc8d5000000 rw-p 00000000 00:00 0 
7fc8d5000000-7fc8d6200000 rwxp 00000000 00:00 0 
7fc8d6200000-7fc8e4000000 ---p 00000000 00:00 0 
7fc8e4000000-7fc8e4d69000 rw-p 00000000 00:00 0 
7fc8e4d69000-7fc8e8000000 ---p 00000000 00:00 0 
7fc8e8000000-7fc8e8002000 r--s 00000000 08:01 299305                     /home/vagrant/.gradle/wrapper/dists/gradle-3.5.1-bin/5aglzaqc99i3lll5iwkbm96su/gradle-3.5.1/lib/minlog-1.2.jar
7fc8e8002000-7fc8e8004000 r--s 0000f000 08:01 299304                     /home/vagrant/.gradle/wrapper/dists/gradle-3.5.1-bin/5aglzaqc99i3lll5iwkbm96su/gradle-3.5.1/lib/reflectasm-1.07-shaded.jar
7fc8e8004000-7fc8e8009000 r--s 00038000 08:01 299272                     /home/vagrant/.gradle/wrapper/dists/gradle-3.5.1-bin/5aglzaqc99i3lll5iwkbm96su/gradle-3.5.1/lib/asm-all-5.1.jar
7fc8e8009000-7fc8e800d000 r--s 00026000 08:01 299288                     /home/vagrant/.gradle/wrapper/dists/gradle-3.5.1-bin/5aglzaqc99i3lll5iwkbm96su/gradle-3.5.1/lib/kryo-2.20.jar
7fc8e800d000-7fc8e8014000 r--s 0002a000 08:01 299268                     /home/vagrant/.gradle/wrapper/dists/gradle-3.5.1-bin/5aglzaqc99i3lll5iwkbm96su/gradle-3.5.1/lib/gradle-messaging-3.5.1.jar
7fc8e8014000-7fc8e8016000 r--s 00006000 08:01 299266                     /home/vagrant/.gradle/wrapper/dists/gradle-3.5.1-bin/5aglzaqc99i3lll5iwkbm96su/gradle-3.5.1/lib/gradle-process-services-3.5.1.jar
7fc8e8016000-7fc8e8018000 r--s 00000000 08:01 299256                     /home/vagrant/.gradle/wrapper/dists/gradle-3.5.1-bin/5aglzaqc99i3lll5iwkbm96su/gradle-3.5.1/lib/gradle-jvm-services-3.5.1.jar
7fc8e8018000-7fc8e8019000 r--s 00000000 08:01 299421                     /home/vagrant/.gradle/wrapper/dists/gradle-3.5.1-bin/5aglzaqc99i3lll5iwkbm96su/gradle-3.5.1/lib/gradle-version-info-3.5.1.jar
7fc8e8019000-7fc8e801e000 r--s 00041000 08:01 299265                     /home/vagrant/.gradle/wrapper/dists/gradle-3.5.1-bin/5aglzaqc99i3lll5iwkbm96su/gradle-3.5.1/lib/commons-lang-2.6.jar
7fc8e801e000-7fc8e801f000 r--s 00007000 08:01 299263                     /home/vagrant/.gradle/wrapper/dists/gradle-3.5.1-bin/5aglzaqc99i3lll5iwkbm96su/gradle-3.5.1/lib/slf4j-api-1.7.10.jar
7fc8e801f000-7fc8e803e000 r--s 001d1000 08:01 299273                     /home/vagrant/.gradle/wrapper/dists/gradle-3.5.1-bin/5aglzaqc99i3lll5iwkbm96su/gradle-3.5.1/lib/ant-1.9.6.jar
7fc8e803e000-7fc8e8047000 r--s 00046000 08:01 299255                     /home/vagrant/.gradle/wrapper/dists/gradle-3.5.1-bin/5aglzaqc99i3lll5iwkbm96su/gradle-3.5.1/lib/gradle-base-services-3.5.1.jar
7fc8e8047000-7fc8e8089000 r--s 0021f000 08:01 299257                     /home/vagrant/.gradle/wrapper/dists/gradle-3.5.1-bin/5aglzaqc99i3lll5iwkbm96su/gradle-3.5.1/lib/gradle-core-3.5.1.jar
7fc8e8089000-7fc8e8095000 r--s 0005a000 08:01 299251                     /home/vagrant/.gradle/wrapper/dists/gradle-3.5.1-bin/5aglzaqc99i3lll5iwkbm96su/gradle-3.5.1/lib/gradle-launcher-3.5.1.jar
7fc8e8095000-7fc8e80b0000 r--s 00394000 08:01 261685                     /usr/lib/jvm/java-8-openjdk-amd64/jre/lib/ext/cldrdata.jar
7fc8e80b0000-7fc8e80b6000 r--s 0003a000 08:01 261688                     /usr/lib/jvm/java-8-openjdk-amd64/jre/lib/ext/sunjce_provider.jar
7fc8e80b6000-7fc8e80b8000 r--s 00001000 08:01 261693                     /usr/lib/jvm/java-8-openjdk-amd64/jre/lib/ext/dnsns.jar
7fc8e80b8000-7fc8e80c2000 r--s 00116000 08:01 261690                     /usr/lib/jvm/java-8-openjdk-amd64/jre/lib/ext/localedata.jar
7fc8e80c2000-7fc8e80dd000 r--s 001d6000 08:01 261687                     /usr/lib/jvm/java-8-openjdk-amd64/jre/lib/ext/nashorn.jar
7fc8e80dd000-7fc8e80e1000 r--s 00037000 08:01 261691                     /usr/lib/jvm/java-8-openjdk-amd64/jre/lib/ext/sunpkcs11.jar
7fc8e80e1000-7fc8e8a4d000 rw-p 00000000 00:00 0 
7fc8e8a4d000-7fc8e8c1c000 r--s 03c21000 08:01 261680                     /usr/lib/jvm/java-8-openjdk-amd64/jre/lib/rt.jar
7fc8e8c1c000-7fc8e9692000 rw-p 00000000 00:00 0 
7fc8e9692000-7fc8e9693000 ---p 00000000 00:00 0 
7fc8e9693000-7fc8e9793000 rw-p 00000000 00:00 0 
7fc8e9793000-7fc8e9794000 ---p 00000000 00:00 0 
7fc8e9794000-7fc8e98a8000 rw-p 00000000 00:00 0 
7fc8e98a8000-7fc8e99ea000 ---p 00000000 00:00 0 
7fc8e99ea000-7fc8e99fe000 rw-p 00000000 00:00 0 
7fc8e99fe000-7fc8e9b3f000 ---p 00000000 00:00 0 
7fc8e9b3f000-7fc8e9bb2000 rw-p 00000000 00:00 0 
7fc8e9bb2000-7fc8e9bea000 ---p 00000000 00:00 0 
7fc8e9bea000-7fc8e9c33000 rw-p 00000000 00:00 0 
7fc8e9c33000-7fc8e9fab000 ---p 00000000 00:00 0 
7fc8e9fab000-7fc8e9fb3000 r-xp 00000000 08:01 261731                     /usr/lib/jvm/java-8-openjdk-amd64/jre/lib/amd64/libzip.so
7fc8e9fb3000-7fc8ea1b2000 ---p 00008000 08:01 261731                     /usr/lib/jvm/java-8-openjdk-amd64/jre/lib/amd64/libzip.so
7fc8ea1b2000-7fc8ea1b3000 r--p 00007000 08:01 261731                     /usr/lib/jvm/java-8-openjdk-amd64/jre/lib/amd64/libzip.so
7fc8ea1b3000-7fc8ea1b4000 rw-p 00008000 08:01 261731                     /usr/lib/jvm/java-8-openjdk-amd64/jre/lib/amd64/libzip.so
7fc8ea1b4000-7fc8ea1bf000 r-xp 00000000 08:01 1972                       /lib/x86_64-linux-gnu/libnss_files-2.23.so
7fc8ea1bf000-7fc8ea3be000 ---p 0000b000 08:01 1972                       /lib/x86_64-linux-gnu/libnss_files-2.23.so
7fc8ea3be000-7fc8ea3bf000 r--p 0000a000 08:01 1972                       /lib/x86_64-linux-gnu/libnss_files-2.23.so
7fc8ea3bf000-7fc8ea3c0000 rw-p 0000b000 08:01 1972                       /lib/x86_64-linux-gnu/libnss_files-2.23.so
7fc8ea3c0000-7fc8ea3c6000 rw-p 00000000 00:00 0 
7fc8ea3c6000-7fc8ea3d1000 r-xp 00000000 08:01 1975                       /lib/x86_64-linux-gnu/libnss_nis-2.23.so
7fc8ea3d1000-7fc8ea5d0000 ---p 0000b000 08:01 1975                       /lib/x86_64-linux-gnu/libnss_nis-2.23.so
7fc8ea5d0000-7fc8ea5d1000 r--p 0000a000 08:01 1975                       /lib/x86_64-linux-gnu/libnss_nis-2.23.so
7fc8ea5d1000-7fc8ea5d2000 rw-p 0000b000 08:01 1975                       /lib/x86_64-linux-gnu/libnss_nis-2.23.so
7fc8ea5d2000-7fc8ea5e8000 r-xp 00000000 08:01 1968                       /lib/x86_64-linux-gnu/libnsl-2.23.so
7fc8ea5e8000-7fc8ea7e7000 ---p 00016000 08:01 1968                       /lib/x86_64-linux-gnu/libnsl-2.23.so
7fc8ea7e7000-7fc8ea7e8000 r--p 00015000 08:01 1968                       /lib/x86_64-linux-gnu/libnsl-2.23.so
7fc8ea7e8000-7fc8ea7e9000 rw-p 00016000 08:01 1968                       /lib/x86_64-linux-gnu/libnsl-2.23.so
7fc8ea7e9000-7fc8ea7eb000 rw-p 00000000 00:00 0 
7fc8ea7eb000-7fc8ea7f3000 r-xp 00000000 08:01 1981                       /lib/x86_64-linux-gnu/libnss_compat-2.23.so
7fc8ea7f3000-7fc8ea9f2000 ---p 00008000 08:01 1981                       /lib/x86_64-linux-gnu/libnss_compat-2.23.so
7fc8ea9f2000-7fc8ea9f3000 r--p 00007000 08:01 1981                       /lib/x86_64-linux-gnu/libnss_compat-2.23.so
7fc8ea9f3000-7fc8ea9f4000 rw-p 00008000 08:01 1981                       /lib/x86_64-linux-gnu/libnss_compat-2.23.so
7fc8ea9f4000-7fc8eaa21000 r-xp 00000000 08:01 261712                     /usr/lib/jvm/java-8-openjdk-amd64/jre/lib/amd64/libjava.so
7fc8eaa21000-7fc8eac20000 ---p 0002d000 08:01 261712                     /usr/lib/jvm/java-8-openjdk-amd64/jre/lib/amd64/libjava.so
7fc8eac20000-7fc8eac21000 r--p 0002c000 08:01 261712                     /usr/lib/jvm/java-8-openjdk-amd64/jre/lib/amd64/libjava.so
7fc8eac21000-7fc8eac23000 rw-p 0002d000 08:01 261712                     /usr/lib/jvm/java-8-openjdk-amd64/jre/lib/amd64/libjava.so
7fc8eac23000-7fc8eac32000 r-xp 00000000 08:01 261729                     /usr/lib/jvm/java-8-openjdk-amd64/jre/lib/amd64/libverify.so
7fc8eac32000-7fc8eae31000 ---p 0000f000 08:01 261729                     /usr/lib/jvm/java-8-openjdk-amd64/jre/lib/amd64/libverify.so
7fc8eae31000-7fc8eae33000 r--p 0000e000 08:01 261729                     /usr/lib/jvm/java-8-openjdk-amd64/jre/lib/amd64/libverify.so
7fc8eae33000-7fc8eae34000 rw-p 00010000 08:01 261729                     /usr/lib/jvm/java-8-openjdk-amd64/jre/lib/amd64/libverify.so
7fc8eae34000-7fc8eae3b000 r-xp 00000000 08:01 1977                       /lib/x86_64-linux-gnu/librt-2.23.so
7fc8eae3b000-7fc8eb03a000 ---p 00007000 08:01 1977                       /lib/x86_64-linux-gnu/librt-2.23.so
7fc8eb03a000-7fc8eb03b000 r--p 00006000 08:01 1977                       /lib/x86_64-linux-gnu/librt-2.23.so
7fc8eb03b000-7fc8eb03c000 rw-p 00007000 08:01 1977                       /lib/x86_64-linux-gnu/librt-2.23.so
7fc8eb03c000-7fc8eb052000 r-xp 00000000 08:01 1965                       /lib/x86_64-linux-gnu/libgcc_s.so.1
7fc8eb052000-7fc8eb251000 ---p 00016000 08:01 1965                       /lib/x86_64-linux-gnu/libgcc_s.so.1
7fc8eb251000-7fc8eb252000 rw-p 00015000 08:01 1965                       /lib/x86_64-linux-gnu/libgcc_s.so.1
7fc8eb252000-7fc8eb35a000 r-xp 00000000 08:01 1986                       /lib/x86_64-linux-gnu/libm-2.23.so
7fc8eb35a000-7fc8eb559000 ---p 00108000 08:01 1986                       /lib/x86_64-linux-gnu/libm-2.23.so
7fc8eb559000-7fc8eb55a000 r--p 00107000 08:01 1986                       /lib/x86_64-linux-gnu/libm-2.23.so
7fc8eb55a000-7fc8eb55b000 rw-p 00108000 08:01 1986                       /lib/x86_64-linux-gnu/libm-2.23.so
7fc8eb55b000-7fc8eb6cd000 r-xp 00000000 08:01 25398                      /usr/lib/x86_64-linux-gnu/libstdc++.so.6.0.21
7fc8eb6cd000-7fc8eb8cd000 ---p 00172000 08:01 25398                      /usr/lib/x86_64-linux-gnu/libstdc++.so.6.0.21
7fc8eb8cd000-7fc8eb8d7000 r--p 00172000 08:01 25398                      /usr/lib/x86_64-linux-gnu/libstdc++.so.6.0.21
7fc8eb8d7000-7fc8eb8d9000 rw-p 0017c000 08:01 25398                      /usr/lib/x86_64-linux-gnu/libstdc++.so.6.0.21
7fc8eb8d9000-7fc8eb8dd000 rw-p 00000000 00:00 0 
7fc8eb8dd000-7fc8ec52f000 r-xp 00000000 08:01 261723                     /usr/lib/jvm/java-8-openjdk-amd64/jre/lib/amd64/server/libjvm.so
7fc8ec52f000-7fc8ec72f000 ---p 00c52000 08:01 261723                     /usr/lib/jvm/java-8-openjdk-amd64/jre/lib/amd64/server/libjvm.so
7fc8ec72f000-7fc8ec7c2000 r--p 00c52000 08:01 261723                     /usr/lib/jvm/java-8-openjdk-amd64/jre/lib/amd64/server/libjvm.so
7fc8ec7c2000-7fc8ec7eb000 rw-p 00ce5000 08:01 261723                     /usr/lib/jvm/java-8-openjdk-amd64/jre/lib/amd64/server/libjvm.so
7fc8ec7eb000-7fc8ec81b000 rw-p 00000000 00:00 0 
7fc8ec81b000-7fc8ec833000 r-xp 00000000 08:01 1974                       /lib/x86_64-linux-gnu/libpthread-2.23.so
7fc8ec833000-7fc8eca32000 ---p 00018000 08:01 1974                       /lib/x86_64-linux-gnu/libpthread-2.23.so
7fc8eca32000-7fc8eca33000 r--p 00017000 08:01 1974                       /lib/x86_64-linux-gnu/libpthread-2.23.so
7fc8eca33000-7fc8eca34000 rw-p 00018000 08:01 1974                       /lib/x86_64-linux-gnu/libpthread-2.23.so
7fc8eca34000-7fc8eca38000 rw-p 00000000 00:00 0 
7fc8eca38000-7fc8eca3b000 r-xp 00000000 08:01 1980                       /lib/x86_64-linux-gnu/libdl-2.23.so
7fc8eca3b000-7fc8ecc3a000 ---p 00003000 08:01 1980                       /lib/x86_64-linux-gnu/libdl-2.23.so
7fc8ecc3a000-7fc8ecc3b000 r--p 00002000 08:01 1980                       /lib/x86_64-linux-gnu/libdl-2.23.so
7fc8ecc3b000-7fc8ecc3c000 rw-p 00003000 08:01 1980                       /lib/x86_64-linux-gnu/libdl-2.23.so
7fc8ecc3c000-7fc8ecc55000 r-xp 00000000 08:01 2112                       /lib/x86_64-linux-gnu/libz.so.1.2.8
7fc8ecc55000-7fc8ece54000 ---p 00019000 08:01 2112                       /lib/x86_64-linux-gnu/libz.so.1.2.8
7fc8ece54000-7fc8ece55000 r--p 00018000 08:01 2112                       /lib/x86_64-linux-gnu/libz.so.1.2.8
7fc8ece55000-7fc8ece56000 rw-p 00019000 08:01 2112                       /lib/x86_64-linux-gnu/libz.so.1.2.8
7fc8ece56000-7fc8ed016000 r-xp 00000000 08:01 1991                       /lib/x86_64-linux-gnu/libc-2.23.so
7fc8ed016000-7fc8ed216000 ---p 001c0000 08:01 1991                       /lib/x86_64-linux-gnu/libc-2.23.so
7fc8ed216000-7fc8ed21a000 r--p 001c0000 08:01 1991                       /lib/x86_64-linux-gnu/libc-2.23.so
7fc8ed21a000-7fc8ed21c000 rw-p 001c4000 08:01 1991                       /lib/x86_64-linux-gnu/libc-2.23.so
7fc8ed21c000-7fc8ed220000 rw-p 00000000 00:00 0 
7fc8ed220000-7fc8ed22d000 r-xp 00000000 08:01 261727                     /usr/lib/jvm/java-8-openjdk-amd64/jre/lib/amd64/jli/libjli.so
7fc8ed22d000-7fc8ed42d000 ---p 0000d000 08:01 261727                     /usr/lib/jvm/java-8-openjdk-amd64/jre/lib/amd64/jli/libjli.so
7fc8ed42d000-7fc8ed42e000 r--p 0000d000 08:01 261727                     /usr/lib/jvm/java-8-openjdk-amd64/jre/lib/amd64/jli/libjli.so
7fc8ed42e000-7fc8ed42f000 rw-p 0000e000 08:01 261727                     /usr/lib/jvm/java-8-openjdk-amd64/jre/lib/amd64/jli/libjli.so
7fc8ed42f000-7fc8ed455000 r-xp 00000000 08:01 1969                       /lib/x86_64-linux-gnu/ld-2.23.so
7fc8ed455000-7fc8ed456000 r--s 00004000 08:01 299289                     /home/vagrant/.gradle/wrapper/dists/gradle-3.5.1-bin/5aglzaqc99i3lll5iwkbm96su/gradle-3.5.1/lib/ant-launcher-1.9.6.jar
7fc8ed456000-7fc8ed458000 r--s 00008000 08:01 261689                     /usr/lib/jvm/java-8-openjdk-amd64/jre/lib/ext/sunec.jar
7fc8ed458000-7fc8ed53d000 rw-p 00000000 00:00 0 
7fc8ed53d000-7fc8ed545000 rw-s 00000000 08:01 300486                     /tmp/hsperfdata_vagrant/20235
7fc8ed545000-7fc8ed548000 ---p 00000000 00:00 0 
7fc8ed548000-7fc8ed64b000 rw-p 00000000 00:00 0 
7fc8ed64b000-7fc8ed64c000 r--s 0000a000 08:01 261692                     /usr/lib/jvm/java-8-openjdk-amd64/jre/lib/ext/jaccess.jar
7fc8ed64c000-7fc8ed64f000 r--s 0000f000 08:01 261684                     /usr/lib/jvm/java-8-openjdk-amd64/jre/lib/ext/icedtea-sound.jar
7fc8ed64f000-7fc8ed650000 r--s 00010000 08:01 261686                     /usr/lib/jvm/java-8-openjdk-amd64/jre/lib/ext/zipfs.jar
7fc8ed650000-7fc8ed651000 rw-p 00000000 00:00 0 
7fc8ed651000-7fc8ed652000 ---p 00000000 00:00 0 
7fc8ed652000-7fc8ed654000 rw-p 00000000 00:00 0 
7fc8ed654000-7fc8ed655000 r--p 00025000 08:01 1969                       /lib/x86_64-linux-gnu/ld-2.23.so
7fc8ed655000-7fc8ed656000 rw-p 00026000 08:01 1969                       /lib/x86_64-linux-gnu/ld-2.23.so
7fc8ed656000-7fc8ed657000 rw-p 00000000 00:00 0 
7ffe21201000-7ffe21222000 rw-p 00000000 00:00 0                          [stack]
7ffe21280000-7ffe21283000 r--p 00000000 00:00 0                          [vvar]
7ffe21283000-7ffe21285000 r-xp 00000000 00:00 0                          [vdso]
ffffffffff600000-ffffffffff601000 r-xp 00000000 00:00 0                  [vsyscall]

VM Arguments:
jvm_args: -XX:MaxPermSize=256m -XX:+HeapDumpOnOutOfMemoryError -Xmx1024m -Dfile.encoding=UTF-8 -Duser.country=US -Duser.language=en -Duser.variant 
java_command: org.gradle.launcher.daemon.bootstrap.GradleDaemon 3.5.1
java_class_path (initial): /home/vagrant/.gradle/wrapper/dists/gradle-3.5.1-bin/5aglzaqc99i3lll5iwkbm96su/gradle-3.5.1/lib/gradle-launcher-3.5.1.jar
Launcher Type: SUN_STANDARD

Environment Variables:
PATH=/home/vagrant/bin:/home/vagrant/.local/bin:/usr/local/sbin:/usr/local/bin:/usr/sbin:/usr/bin:/sbin:/bin:/usr/games:/usr/local/games:/snap/bin
SHELL=/bin/bash

Signal Handlers:
SIGSEGV: [libjvm.so+0xa69040], sa_mask[0]=11111111011111111101111111111110, sa_flags=SA_RESTART|SA_SIGINFO
SIGBUS: [libjvm.so+0xa69040], sa_mask[0]=11111111011111111101111111111110, sa_flags=SA_RESTART|SA_SIGINFO
SIGFPE: [libjvm.so+0x8b2170], sa_mask[0]=11111111011111111101111111111110, sa_flags=SA_RESTART|SA_SIGINFO
SIGPIPE: [libjvm.so+0x8b2170], sa_mask[0]=11111111011111111101111111111110, sa_flags=SA_RESTART|SA_SIGINFO
SIGXFSZ: [libjvm.so+0x8b2170], sa_mask[0]=11111111011111111101111111111110, sa_flags=SA_RESTART|SA_SIGINFO
SIGILL: [libjvm.so+0x8b2170], sa_mask[0]=11111111011111111101111111111110, sa_flags=SA_RESTART|SA_SIGINFO
SIGUSR1: SIG_DFL, sa_mask[0]=00000000000000000000000000000000, sa_flags=none
SIGUSR2: [libjvm.so+0x8b2020], sa_mask[0]=00100000000000000000000000000000, sa_flags=SA_RESTART|SA_SIGINFO
SIGHUP: [libjvm.so+0x8b24f0], sa_mask[0]=11111111011111111101111111111110, sa_flags=SA_RESTART|SA_SIGINFO
SIGINT: [libjvm.so+0x8b24f0], sa_mask[0]=11111111011111111101111111111110, sa_flags=SA_RESTART|SA_SIGINFO
SIGTERM: [libjvm.so+0x8b24f0], sa_mask[0]=11111111011111111101111111111110, sa_flags=SA_RESTART|SA_SIGINFO
SIGQUIT: [libjvm.so+0x8b24f0], sa_mask[0]=11111111011111111101111111111110, sa_flags=SA_RESTART|SA_SIGINFO


---------------  S Y S T E M  ---------------

OS:DISTRIB_ID=Ubuntu
DISTRIB_RELEASE=16.04
DISTRIB_CODENAME=xenial
DISTRIB_DESCRIPTION="Ubuntu 16.04.3 LTS"

uname:Linux 4.4.0-109-generic #132-Ubuntu SMP Tue Jan 9 19:52:39 UTC 2018 x86_64
libc:glibc 2.23 NPTL 2.23 
rlimit: STACK 8192k, CORE 0k, NPROC 7945, NOFILE 1048576, AS infinity
load average:12.83 5.88 3.52

/proc/meminfo:
MemTotal:        2048116 kB
MemFree:           75336 kB
MemAvailable:      10480 kB
Buffers:             160 kB
Cached:            18064 kB
SwapCached:            0 kB
Active:          1876840 kB
Inactive:          11660 kB
Active(anon):    1874980 kB
Inactive(anon):     9452 kB
Active(file):       1860 kB
Inactive(file):     2208 kB
Unevictable:        3660 kB
Mlocked:            3660 kB
SwapTotal:             0 kB
SwapFree:              0 kB
Dirty:               132 kB
Writeback:             0 kB
AnonPages:       1874068 kB
Mapped:             6828 kB
Shmem:             11600 kB
Slab:              44928 kB
SReclaimable:      17124 kB
SUnreclaim:        27804 kB
KernelStack:        5776 kB
PageTables:        13036 kB
NFS_Unstable:          0 kB
Bounce:                0 kB
WritebackTmp:          0 kB
CommitLimit:     1024056 kB
Committed_AS:    3640476 kB
VmallocTotal:   34359738367 kB
VmallocUsed:           0 kB
VmallocChunk:          0 kB
HardwareCorrupted:     0 kB
AnonHugePages:   1138688 kB
CmaTotal:              0 kB
CmaFree:               0 kB
HugePages_Total:       0
HugePages_Free:        0
HugePages_Rsvd:        0
HugePages_Surp:        0
Hugepagesize:       2048 kB
DirectMap4k:       55232 kB
DirectMap2M:     2041856 kB


CPU:total 2 (initial active 2) (2 cores per cpu, 1 threads per core) family 6 model 42 stepping 7, cmov, cx8, fxsr, mmx, sse, sse2, sse3, ssse3, sse4.1, sse4.2, popcnt, avx, aes, clmul, tsc, tscinvbit

/proc/cpuinfo:
processor	: 0
vendor_id	: GenuineIntel
cpu family	: 6
model		: 42
model name	: Intel(R) Core(TM) i7-2600 CPU @ 3.40GHz
stepping	: 7
cpu MHz		: 3393.556
cache size	: 8192 KB
physical id	: 0
siblings	: 2
core id		: 0
cpu cores	: 2
apicid		: 0
initial apicid	: 0
fpu		: yes
fpu_exception	: yes
cpuid level	: 13
wp		: yes
flags		: fpu vme de pse tsc msr pae mce cx8 apic sep mtrr pge mca cmov pat pse36 clflush mmx fxsr sse sse2 ht syscall nx rdtscp lm constant_tsc rep_good nopl xtopology nonstop_tsc pni pclmulqdq ssse3 cx16 sse4_1 sse4_2 popcnt aes xsave avx hypervisor lahf_lm kaiser
bugs		:
bogomips	: 6787.11
clflush size	: 64
cache_alignment	: 64
address sizes	: 36 bits physical, 48 bits virtual
power management:

processor	: 1
vendor_id	: GenuineIntel
cpu family	: 6
model		: 42
model name	: Intel(R) Core(TM) i7-2600 CPU @ 3.40GHz
stepping	: 7
cpu MHz		: 3393.556
cache size	: 8192 KB
physical id	: 0
siblings	: 2
core id		: 1
cpu cores	: 2
apicid		: 1
initial apicid	: 1
fpu		: yes
fpu_exception	: yes
cpuid level	: 13
wp		: yes
flags		: fpu vme de pse tsc msr pae mce cx8 apic sep mtrr pge mca cmov pat pse36 clflush mmx fxsr sse sse2 ht syscall nx rdtscp lm constant_tsc rep_good nopl xtopology nonstop_tsc pni pclmulqdq ssse3 cx16 sse4_1 sse4_2 popcnt aes xsave avx hypervisor lahf_lm kaiser
bugs		:
bogomips	: 6787.11
clflush size	: 64
cache_alignment	: 64
address sizes	: 36 bits physical, 48 bits virtual
power management:



Memory: 4k page, physical 2048116k(74592k free), swap 0k(0k free)

vm_info: OpenJDK 64-Bit Server VM (25.151-b12) for linux-amd64 JRE (1.8.0_151-8u151-b12-0ubuntu0.16.04.2-b12), built on Oct 27 2017 21:59:02 by "buildd" with gcc 5.4.0 20160609

time: Tue Jan 16 08:22:33 2018
elapsed time: 1936 seconds (0d 0h 32m 16s)

